2026-04-19T15:29:12.180+05:30  INFO 3092 --- [productionreadyfeature] [restartedMain] c.m.p.ProductionreadyfeatureApplication  : Starting ProductionreadyfeatureApplication using Java 21.0.8 with PID 3092 (C:\Users\Swapnil Mokal\Documents\SpringBoot+AI+DevOps\productionreadyfeature\target\classes started by Swapnil Mokal in C:\Users\Swapnil Mokal\Documents\SpringBoot+AI+DevOps\productionreadyfeature)
2026-04-19T15:29:12.189+05:30  INFO 3092 --- [productionreadyfeature] [restartedMain] c.m.p.ProductionreadyfeatureApplication  : No active profile set, falling back to 1 default profile: "default"
2026-04-19T15:29:12.400+05:30  INFO 3092 --- [productionreadyfeature] [restartedMain] .e.DevToolsPropertyDefaultsPostProcessor : Devtools property defaults active! Set 'spring.devtools.add-properties' to 'false' to disable
2026-04-19T15:29:12.400+05:30  INFO 3092 --- [productionreadyfeature] [restartedMain] .e.DevToolsPropertyDefaultsPostProcessor : For additional web related logging consider setting the 'logging.level.web' property to 'DEBUG'
2026-04-19T15:29:14.549+05:30  INFO 3092 --- [productionreadyfeature] [restartedMain] .s.d.r.c.RepositoryConfigurationDelegate : Bootstrapping Spring Data JPA repositories in DEFAULT mode.
2026-04-19T15:29:14.716+05:30  INFO 3092 --- [productionreadyfeature] [restartedMain] .s.d.r.c.RepositoryConfigurationDelegate : Finished Spring Data repository scanning in 139 ms. Found 1 JPA repository interface.
2026-04-19T15:29:16.806+05:30  INFO 3092 --- [productionreadyfeature] [restartedMain] o.s.boot.tomcat.TomcatWebServer          : Tomcat initialized with port 9000 (http)
2026-04-19T15:29:16.846+05:30  INFO 3092 --- [productionreadyfeature] [restartedMain] o.apache.catalina.core.StandardService   : Starting service [Tomcat]
2026-04-19T15:29:16.847+05:30  INFO 3092 --- [productionreadyfeature] [restartedMain] o.apache.catalina.core.StandardEngine    : Starting Servlet engine: [Apache Tomcat/11.0.20]
2026-04-19T15:29:16.958+05:30  INFO 3092 --- [productionreadyfeature] [restartedMain] b.w.c.s.WebApplicationContextInitializer : Root WebApplicationContext: initialization completed in 4557 ms
2026-04-19T15:29:17.668+05:30  INFO 3092 --- [productionreadyfeature] [restartedMain] org.hibernate.orm.jpa                    : HHH008540: Processing PersistenceUnitInfo [name: default]
2026-04-19T15:29:17.911+05:30  INFO 3092 --- [productionreadyfeature] [restartedMain] org.hibernate.orm.core                   : HHH000001: Hibernate ORM core version 7.2.7.Final
2026-04-19T15:29:18.632+05:30  INFO 3092 --- [productionreadyfeature] [restartedMain] o.h.e.boot.internal.EnversServiceImpl    : Envers integration enabled? : true
2026-04-19T15:29:19.234+05:30  INFO 3092 --- [productionreadyfeature] [restartedMain] o.s.o.j.p.SpringPersistenceUnitInfo      : No LoadTimeWeaver setup: ignoring JPA class transformer
2026-04-19T15:29:19.299+05:30  INFO 3092 --- [productionreadyfeature] [restartedMain] com.zaxxer.hikari.HikariDataSource       : HikariPool-1 - Starting...
2026-04-19T15:29:20.688+05:30  WARN 3092 --- [productionreadyfeature] [restartedMain] org.hibernate.orm.jdbc.error             : HHH000247: ErrorCode: 0, SQLState: 08001
2026-04-19T15:29:20.688+05:30  WARN 3092 --- [productionreadyfeature] [restartedMain] org.hibernate.orm.jdbc.error             : Public Key Retrieval is not allowed
2026-04-19T15:29:20.695+05:30  WARN 3092 --- [productionreadyfeature] [restartedMain] org.hibernate.orm.jdbc                   : HHH100046: Could not obtain connection to query JDBC database metadata

org.hibernate.exception.JDBCConnectionException: Unable to obtain isolated JDBC connection [Public Key Retrieval is not allowed] [n/a]
	at org.hibernate.exception.internal.SQLStateConversionDelegate.convert(SQLStateConversionDelegate.java:80) ~[hibernate-core-7.2.7.Final.jar:7.2.7.Final]
	at org.hibernate.exception.internal.StandardSQLExceptionConverter.convert(StandardSQLExceptionConverter.java:34) ~[hibernate-core-7.2.7.Final.jar:7.2.7.Final]
	at org.hibernate.engine.jdbc.spi.SqlExceptionHelper.convert(SqlExceptionHelper.java:115) ~[hibernate-core-7.2.7.Final.jar:7.2.7.Final]
	at org.hibernate.engine.jdbc.spi.SqlExceptionHelper.convert(SqlExceptionHelper.java:101) ~[hibernate-core-7.2.7.Final.jar:7.2.7.Final]
	at org.hibernate.resource.transaction.backend.jdbc.internal.JdbcIsolationDelegate.delegateWork(JdbcIsolationDelegate.java:51) ~[hibernate-core-7.2.7.Final.jar:7.2.7.Final]
	at org.hibernate.engine.jdbc.env.internal.JdbcEnvironmentInitiator.getJdbcEnvironmentUsingJdbcMetadata(JdbcEnvironmentInitiator.java:366) ~[hibernate-core-7.2.7.Final.jar:7.2.7.Final]
	at org.hibernate.engine.jdbc.env.internal.JdbcEnvironmentInitiator.getJdbcEnvironment(JdbcEnvironmentInitiator.java:143) ~[hibernate-core-7.2.7.Final.jar:7.2.7.Final]
	at org.hibernate.engine.jdbc.env.internal.JdbcEnvironmentInitiator.initiateService(JdbcEnvironmentInitiator.java:120) ~[hibernate-core-7.2.7.Final.jar:7.2.7.Final]
	at org.hibernate.engine.jdbc.env.internal.JdbcEnvironmentInitiator.initiateService(JdbcEnvironmentInitiator.java:80) ~[hibernate-core-7.2.7.Final.jar:7.2.7.Final]
	at org.hibernate.boot.registry.internal.StandardServiceRegistryImpl.initiateService(StandardServiceRegistryImpl.java:133) ~[hibernate-core-7.2.7.Final.jar:7.2.7.Final]
	at org.hibernate.service.internal.AbstractServiceRegistryImpl.createService(AbstractServiceRegistryImpl.java:260) ~[hibernate-core-7.2.7.Final.jar:7.2.7.Final]
	at org.hibernate.service.internal.AbstractServiceRegistryImpl.initializeService(AbstractServiceRegistryImpl.java:235) ~[hibernate-core-7.2.7.Final.jar:7.2.7.Final]
	at org.hibernate.service.internal.AbstractServiceRegistryImpl.getService(AbstractServiceRegistryImpl.java:212) ~[hibernate-core-7.2.7.Final.jar:7.2.7.Final]
	at org.hibernate.boot.model.relational.Database.<init>(Database.java:44) ~[hibernate-core-7.2.7.Final.jar:7.2.7.Final]
	at org.hibernate.boot.internal.InFlightMetadataCollectorImpl.getDatabase(InFlightMetadataCollectorImpl.java:251) ~[hibernate-core-7.2.7.Final.jar:7.2.7.Final]
	at org.hibernate.boot.internal.InFlightMetadataCollectorImpl.<init>(InFlightMetadataCollectorImpl.java:203) ~[hibernate-core-7.2.7.Final.jar:7.2.7.Final]
	at org.hibernate.boot.model.process.spi.MetadataBuildingProcess.complete(MetadataBuildingProcess.java:172) ~[hibernate-core-7.2.7.Final.jar:7.2.7.Final]
	at org.hibernate.jpa.boot.internal.EntityManagerFactoryBuilderImpl.metadata(EntityManagerFactoryBuilderImpl.java:1392) ~[hibernate-core-7.2.7.Final.jar:7.2.7.Final]
	at org.hibernate.jpa.boot.internal.EntityManagerFactoryBuilderImpl.populateSessionFactoryBuilder(EntityManagerFactoryBuilderImpl.java:1472) ~[hibernate-core-7.2.7.Final.jar:7.2.7.Final]
	at org.hibernate.jpa.boot.internal.EntityManagerFactoryBuilderImpl.build(EntityManagerFactoryBuilderImpl.java:1454) ~[hibernate-core-7.2.7.Final.jar:7.2.7.Final]
	at org.springframework.orm.jpa.vendor.SpringHibernateJpaPersistenceProvider.createContainerEntityManagerFactory(SpringHibernateJpaPersistenceProvider.java:93) ~[spring-orm-7.0.6.jar:7.0.6]
	at org.springframework.orm.jpa.LocalContainerEntityManagerFactoryBean.createNativeEntityManagerFactory(LocalContainerEntityManagerFactoryBean.java:443) ~[spring-orm-7.0.6.jar:7.0.6]
	at org.springframework.orm.jpa.AbstractEntityManagerFactoryBean.buildNativeEntityManagerFactory(AbstractEntityManagerFactoryBean.java:436) ~[spring-orm-7.0.6.jar:7.0.6]
	at org.springframework.orm.jpa.AbstractEntityManagerFactoryBean.afterPropertiesSet(AbstractEntityManagerFactoryBean.java:411) ~[spring-orm-7.0.6.jar:7.0.6]
	at org.springframework.orm.jpa.LocalContainerEntityManagerFactoryBean.afterPropertiesSet(LocalContainerEntityManagerFactoryBean.java:419) ~[spring-orm-7.0.6.jar:7.0.6]
	at org.springframework.beans.factory.support.AbstractAutowireCapableBeanFactory.invokeInitMethods(AbstractAutowireCapableBeanFactory.java:1864) ~[spring-beans-7.0.6.jar:7.0.6]
	at org.springframework.beans.factory.support.AbstractAutowireCapableBeanFactory.initializeBean(AbstractAutowireCapableBeanFactory.java:1813) ~[spring-beans-7.0.6.jar:7.0.6]
	at org.springframework.beans.factory.support.AbstractAutowireCapableBeanFactory.doCreateBean(AbstractAutowireCapableBeanFactory.java:603) ~[spring-beans-7.0.6.jar:7.0.6]
	at org.springframework.beans.factory.support.AbstractAutowireCapableBeanFactory.createBean(AbstractAutowireCapableBeanFactory.java:525) ~[spring-beans-7.0.6.jar:7.0.6]
	at org.springframework.beans.factory.support.AbstractBeanFactory.lambda$doGetBean$0(AbstractBeanFactory.java:333) ~[spring-beans-7.0.6.jar:7.0.6]
	at org.springframework.beans.factory.support.DefaultSingletonBeanRegistry.getSingleton(DefaultSingletonBeanRegistry.java:371) ~[spring-beans-7.0.6.jar:7.0.6]
	at org.springframework.beans.factory.support.AbstractBeanFactory.doGetBean(AbstractBeanFactory.java:331) ~[spring-beans-7.0.6.jar:7.0.6]
	at org.springframework.beans.factory.support.AbstractBeanFactory.getBean(AbstractBeanFactory.java:201) ~[spring-beans-7.0.6.jar:7.0.6]
	at org.springframework.context.support.AbstractApplicationContext.finishBeanFactoryInitialization(AbstractApplicationContext.java:977) ~[spring-context-7.0.6.jar:7.0.6]
	at org.springframework.context.support.AbstractApplicationContext.refresh(AbstractApplicationContext.java:621) ~[spring-context-7.0.6.jar:7.0.6]
	at org.springframework.boot.web.server.servlet.context.ServletWebServerApplicationContext.refresh(ServletWebServerApplicationContext.java:143) ~[spring-boot-web-server-4.0.5.jar:4.0.5]
	at org.springframework.boot.SpringApplication.refresh(SpringApplication.java:756) ~[spring-boot-4.0.5.jar:4.0.5]
	at org.springframework.boot.SpringApplication.refreshContext(SpringApplication.java:445) ~[spring-boot-4.0.5.jar:4.0.5]
	at org.springframework.boot.SpringApplication.run(SpringApplication.java:321) ~[spring-boot-4.0.5.jar:4.0.5]
	at org.springframework.boot.SpringApplication.run(SpringApplication.java:1365) ~[spring-boot-4.0.5.jar:4.0.5]
	at org.springframework.boot.SpringApplication.run(SpringApplication.java:1354) ~[spring-boot-4.0.5.jar:4.0.5]
	at com.mokal.productionreadyfeature.ProductionreadyfeatureApplication.main(ProductionreadyfeatureApplication.java:10) ~[classes/:na]
	at java.base/jdk.internal.reflect.DirectMethodHandleAccessor.invoke(DirectMethodHandleAccessor.java:103) ~[na:na]
	at java.base/java.lang.reflect.Method.invoke(Method.java:580) ~[na:na]
	at org.springframework.boot.devtools.restart.RestartLauncher.run(RestartLauncher.java:52) ~[spring-boot-devtools-4.0.5.jar:4.0.5]
Caused by: java.sql.SQLNonTransientConnectionException: Public Key Retrieval is not allowed
	at com.mysql.cj.jdbc.exceptions.SQLError.createSQLException(SQLError.java:102) ~[mysql-connector-j-9.6.0.jar:9.6.0]
	at com.mysql.cj.jdbc.exceptions.SQLExceptionsMapping.translateException(SQLExceptionsMapping.java:114) ~[mysql-connector-j-9.6.0.jar:9.6.0]
	at com.mysql.cj.jdbc.ConnectionImpl.createNewIO(ConnectionImpl.java:840) ~[mysql-connector-j-9.6.0.jar:9.6.0]
	at com.mysql.cj.jdbc.ConnectionImpl.<init>(ConnectionImpl.java:416) ~[mysql-connector-j-9.6.0.jar:9.6.0]
	at com.mysql.cj.jdbc.ConnectionImpl.getInstance(ConnectionImpl.java:237) ~[mysql-connector-j-9.6.0.jar:9.6.0]
	at com.mysql.cj.jdbc.NonRegisteringDriver.connect(NonRegisteringDriver.java:180) ~[mysql-connector-j-9.6.0.jar:9.6.0]
	at com.zaxxer.hikari.util.DriverDataSource.getConnection(DriverDataSource.java:144) ~[HikariCP-7.0.2.jar:na]
	at com.zaxxer.hikari.pool.PoolBase.newConnection(PoolBase.java:373) ~[HikariCP-7.0.2.jar:na]
	at com.zaxxer.hikari.pool.PoolBase.newPoolEntry(PoolBase.java:210) ~[HikariCP-7.0.2.jar:na]
	at com.zaxxer.hikari.pool.HikariPool.createPoolEntry(HikariPool.java:488) ~[HikariCP-7.0.2.jar:na]
	at com.zaxxer.hikari.pool.HikariPool.checkFailFast(HikariPool.java:576) ~[HikariCP-7.0.2.jar:na]
	at com.zaxxer.hikari.pool.HikariPool.<init>(HikariPool.java:97) ~[HikariCP-7.0.2.jar:na]
	at com.zaxxer.hikari.HikariDataSource.getConnection(HikariDataSource.java:111) ~[HikariCP-7.0.2.jar:na]
	at org.hibernate.engine.jdbc.connections.internal.DataSourceConnectionProvider.getConnection(DataSourceConnectionProvider.java:137) ~[hibernate-core-7.2.7.Final.jar:7.2.7.Final]
	at org.hibernate.engine.jdbc.env.internal.JdbcEnvironmentInitiator$ConnectionProviderJdbcConnectionAccess.obtainConnection(JdbcEnvironmentInitiator.java:508) ~[hibernate-core-7.2.7.Final.jar:7.2.7.Final]
	at org.hibernate.resource.transaction.backend.jdbc.internal.JdbcIsolationDelegate.delegateWork(JdbcIsolationDelegate.java:48) ~[hibernate-core-7.2.7.Final.jar:7.2.7.Final]
	... 40 common frames omitted
Caused by: com.mysql.cj.exceptions.UnableToConnectException: Public Key Retrieval is not allowed
	at java.base/jdk.internal.reflect.DirectConstructorHandleAccessor.newInstance(DirectConstructorHandleAccessor.java:62) ~[na:na]
	at java.base/java.lang.reflect.Constructor.newInstanceWithCaller(Constructor.java:502) ~[na:na]
	at java.base/java.lang.reflect.Constructor.newInstance(Constructor.java:486) ~[na:na]
	at com.mysql.cj.exceptions.ExceptionFactory.createException(ExceptionFactory.java:52) ~[mysql-connector-j-9.6.0.jar:9.6.0]
	at com.mysql.cj.exceptions.ExceptionFactory.createException(ExceptionFactory.java:76) ~[mysql-connector-j-9.6.0.jar:9.6.0]
	at com.mysql.cj.protocol.a.authentication.CachingSha2PasswordPlugin.nextAuthenticationStep(CachingSha2PasswordPlugin.java:122) ~[mysql-connector-j-9.6.0.jar:9.6.0]
	at com.mysql.cj.protocol.a.authentication.CachingSha2PasswordPlugin.nextAuthenticationStep(CachingSha2PasswordPlugin.java:40) ~[mysql-connector-j-9.6.0.jar:9.6.0]
	at com.mysql.cj.protocol.a.NativeAuthenticationProvider.proceedHandshakeWithPluggableAuthentication(NativeAuthenticationProvider.java:436) ~[mysql-connector-j-9.6.0.jar:9.6.0]
	at com.mysql.cj.protocol.a.NativeAuthenticationProvider.connect(NativeAuthenticationProvider.java:206) ~[mysql-connector-j-9.6.0.jar:9.6.0]
	at com.mysql.cj.protocol.a.NativeProtocol.connect(NativeProtocol.java:1334) ~[mysql-connector-j-9.6.0.jar:9.6.0]
	at com.mysql.cj.NativeSession.connect(NativeSession.java:155) ~[mysql-connector-j-9.6.0.jar:9.6.0]
	at com.mysql.cj.jdbc.ConnectionImpl.connectOneTryOnly(ConnectionImpl.java:964) ~[mysql-connector-j-9.6.0.jar:9.6.0]
	at com.mysql.cj.jdbc.ConnectionImpl.createNewIO(ConnectionImpl.java:828) ~[mysql-connector-j-9.6.0.jar:9.6.0]
	... 53 common frames omitted

2026-04-19T15:29:20.820+05:30 ERROR 3092 --- [productionreadyfeature] [restartedMain] j.LocalContainerEntityManagerFactoryBean : Failed to initialize JPA EntityManagerFactory: Unable to create requested service [org.hibernate.engine.jdbc.env.spi.JdbcEnvironment] due to: Unable to determine Dialect without JDBC metadata (please set 'jakarta.persistence.jdbc.url' for common cases or 'hibernate.dialect' when a custom Dialect implementation must be provided)
2026-04-19T15:29:20.822+05:30  WARN 3092 --- [productionreadyfeature] [restartedMain] ConfigServletWebServerApplicationContext : Exception encountered during context initialization - cancelling refresh attempt: org.springframework.beans.factory.BeanCreationException: Error creating bean with name 'entityManagerFactory' defined in class path resource [org/springframework/boot/hibernate/autoconfigure/HibernateJpaConfiguration.class]: Unable to create requested service [org.hibernate.engine.jdbc.env.spi.JdbcEnvironment] due to: Unable to determine Dialect without JDBC metadata (please set 'jakarta.persistence.jdbc.url' for common cases or 'hibernate.dialect' when a custom Dialect implementation must be provided)
2026-04-19T15:29:20.840+05:30  INFO 3092 --- [productionreadyfeature] [restartedMain] o.apache.catalina.core.StandardService   : Stopping service [Tomcat]
2026-04-19T15:29:20.882+05:30  INFO 3092 --- [productionreadyfeature] [restartedMain] .s.b.a.l.ConditionEvaluationReportLogger : 

Error starting ApplicationContext. To display the condition evaluation report re-run your application with 'debug' enabled.
2026-04-19T15:29:20.950+05:30 ERROR 3092 --- [productionreadyfeature] [restartedMain] o.s.boot.SpringApplication               : Application run failed

org.springframework.beans.factory.BeanCreationException: Error creating bean with name 'entityManagerFactory' defined in class path resource [org/springframework/boot/hibernate/autoconfigure/HibernateJpaConfiguration.class]: Unable to create requested service [org.hibernate.engine.jdbc.env.spi.JdbcEnvironment] due to: Unable to determine Dialect without JDBC metadata (please set 'jakarta.persistence.jdbc.url' for common cases or 'hibernate.dialect' when a custom Dialect implementation must be provided)
	at org.springframework.beans.factory.support.AbstractAutowireCapableBeanFactory.initializeBean(AbstractAutowireCapableBeanFactory.java:1817) ~[spring-beans-7.0.6.jar:7.0.6]
	at org.springframework.beans.factory.support.AbstractAutowireCapableBeanFactory.doCreateBean(AbstractAutowireCapableBeanFactory.java:603) ~[spring-beans-7.0.6.jar:7.0.6]
	at org.springframework.beans.factory.support.AbstractAutowireCapableBeanFactory.createBean(AbstractAutowireCapableBeanFactory.java:525) ~[spring-beans-7.0.6.jar:7.0.6]
	at org.springframework.beans.factory.support.AbstractBeanFactory.lambda$doGetBean$0(AbstractBeanFactory.java:333) ~[spring-beans-7.0.6.jar:7.0.6]
	at org.springframework.beans.factory.support.DefaultSingletonBeanRegistry.getSingleton(DefaultSingletonBeanRegistry.java:371) ~[spring-beans-7.0.6.jar:7.0.6]
	at org.springframework.beans.factory.support.AbstractBeanFactory.doGetBean(AbstractBeanFactory.java:331) ~[spring-beans-7.0.6.jar:7.0.6]
	at org.springframework.beans.factory.support.AbstractBeanFactory.getBean(AbstractBeanFactory.java:201) ~[spring-beans-7.0.6.jar:7.0.6]
	at org.springframework.context.support.AbstractApplicationContext.finishBeanFactoryInitialization(AbstractApplicationContext.java:977) ~[spring-context-7.0.6.jar:7.0.6]
	at org.springframework.context.support.AbstractApplicationContext.refresh(AbstractApplicationContext.java:621) ~[spring-context-7.0.6.jar:7.0.6]
	at org.springframework.boot.web.server.servlet.context.ServletWebServerApplicationContext.refresh(ServletWebServerApplicationContext.java:143) ~[spring-boot-web-server-4.0.5.jar:4.0.5]
	at org.springframework.boot.SpringApplication.refresh(SpringApplication.java:756) ~[spring-boot-4.0.5.jar:4.0.5]
	at org.springframework.boot.SpringApplication.refreshContext(SpringApplication.java:445) ~[spring-boot-4.0.5.jar:4.0.5]
	at org.springframework.boot.SpringApplication.run(SpringApplication.java:321) ~[spring-boot-4.0.5.jar:4.0.5]
	at org.springframework.boot.SpringApplication.run(SpringApplication.java:1365) ~[spring-boot-4.0.5.jar:4.0.5]
	at org.springframework.boot.SpringApplication.run(SpringApplication.java:1354) ~[spring-boot-4.0.5.jar:4.0.5]
	at com.mokal.productionreadyfeature.ProductionreadyfeatureApplication.main(ProductionreadyfeatureApplication.java:10) ~[classes/:na]
	at java.base/jdk.internal.reflect.DirectMethodHandleAccessor.invoke(DirectMethodHandleAccessor.java:103) ~[na:na]
	at java.base/java.lang.reflect.Method.invoke(Method.java:580) ~[na:na]
	at org.springframework.boot.devtools.restart.RestartLauncher.run(RestartLauncher.java:52) ~[spring-boot-devtools-4.0.5.jar:4.0.5]
Caused by: org.hibernate.service.spi.ServiceException: Unable to create requested service [org.hibernate.engine.jdbc.env.spi.JdbcEnvironment] due to: Unable to determine Dialect without JDBC metadata (please set 'jakarta.persistence.jdbc.url' for common cases or 'hibernate.dialect' when a custom Dialect implementation must be provided)
	at org.hibernate.service.internal.AbstractServiceRegistryImpl.createService(AbstractServiceRegistryImpl.java:273) ~[hibernate-core-7.2.7.Final.jar:7.2.7.Final]
	at org.hibernate.service.internal.AbstractServiceRegistryImpl.initializeService(AbstractServiceRegistryImpl.java:235) ~[hibernate-core-7.2.7.Final.jar:7.2.7.Final]
	at org.hibernate.service.internal.AbstractServiceRegistryImpl.getService(AbstractServiceRegistryImpl.java:212) ~[hibernate-core-7.2.7.Final.jar:7.2.7.Final]
	at org.hibernate.boot.model.relational.Database.<init>(Database.java:44) ~[hibernate-core-7.2.7.Final.jar:7.2.7.Final]
	at org.hibernate.boot.internal.InFlightMetadataCollectorImpl.getDatabase(InFlightMetadataCollectorImpl.java:251) ~[hibernate-core-7.2.7.Final.jar:7.2.7.Final]
	at org.hibernate.boot.internal.InFlightMetadataCollectorImpl.<init>(InFlightMetadataCollectorImpl.java:203) ~[hibernate-core-7.2.7.Final.jar:7.2.7.Final]
	at org.hibernate.boot.model.process.spi.MetadataBuildingProcess.complete(MetadataBuildingProcess.java:172) ~[hibernate-core-7.2.7.Final.jar:7.2.7.Final]
	at org.hibernate.jpa.boot.internal.EntityManagerFactoryBuilderImpl.metadata(EntityManagerFactoryBuilderImpl.java:1392) ~[hibernate-core-7.2.7.Final.jar:7.2.7.Final]
	at org.hibernate.jpa.boot.internal.EntityManagerFactoryBuilderImpl.populateSessionFactoryBuilder(EntityManagerFactoryBuilderImpl.java:1472) ~[hibernate-core-7.2.7.Final.jar:7.2.7.Final]
	at org.hibernate.jpa.boot.internal.EntityManagerFactoryBuilderImpl.build(EntityManagerFactoryBuilderImpl.java:1454) ~[hibernate-core-7.2.7.Final.jar:7.2.7.Final]
	at org.springframework.orm.jpa.vendor.SpringHibernateJpaPersistenceProvider.createContainerEntityManagerFactory(SpringHibernateJpaPersistenceProvider.java:93) ~[spring-orm-7.0.6.jar:7.0.6]
	at org.springframework.orm.jpa.LocalContainerEntityManagerFactoryBean.createNativeEntityManagerFactory(LocalContainerEntityManagerFactoryBean.java:443) ~[spring-orm-7.0.6.jar:7.0.6]
	at org.springframework.orm.jpa.AbstractEntityManagerFactoryBean.buildNativeEntityManagerFactory(AbstractEntityManagerFactoryBean.java:436) ~[spring-orm-7.0.6.jar:7.0.6]
	at org.springframework.orm.jpa.AbstractEntityManagerFactoryBean.afterPropertiesSet(AbstractEntityManagerFactoryBean.java:411) ~[spring-orm-7.0.6.jar:7.0.6]
	at org.springframework.orm.jpa.LocalContainerEntityManagerFactoryBean.afterPropertiesSet(LocalContainerEntityManagerFactoryBean.java:419) ~[spring-orm-7.0.6.jar:7.0.6]
	at org.springframework.beans.factory.support.AbstractAutowireCapableBeanFactory.invokeInitMethods(AbstractAutowireCapableBeanFactory.java:1864) ~[spring-beans-7.0.6.jar:7.0.6]
	at org.springframework.beans.factory.support.AbstractAutowireCapableBeanFactory.initializeBean(AbstractAutowireCapableBeanFactory.java:1813) ~[spring-beans-7.0.6.jar:7.0.6]
	... 18 common frames omitted
Caused by: org.hibernate.HibernateException: Unable to determine Dialect without JDBC metadata (please set 'jakarta.persistence.jdbc.url' for common cases or 'hibernate.dialect' when a custom Dialect implementation must be provided)
	at org.hibernate.engine.jdbc.dialect.internal.DialectFactoryImpl.determineDialect(DialectFactoryImpl.java:190) ~[hibernate-core-7.2.7.Final.jar:7.2.7.Final]
	at org.hibernate.engine.jdbc.dialect.internal.DialectFactoryImpl.buildDialect(DialectFactoryImpl.java:86) ~[hibernate-core-7.2.7.Final.jar:7.2.7.Final]
	at org.hibernate.engine.jdbc.env.internal.JdbcEnvironmentInitiator.getJdbcEnvironmentWithDefaults(JdbcEnvironmentInitiator.java:200) ~[hibernate-core-7.2.7.Final.jar:7.2.7.Final]
	at org.hibernate.engine.jdbc.env.internal.JdbcEnvironmentInitiator.getJdbcEnvironmentUsingJdbcMetadata(JdbcEnvironmentInitiator.java:452) ~[hibernate-core-7.2.7.Final.jar:7.2.7.Final]
	at org.hibernate.engine.jdbc.env.internal.JdbcEnvironmentInitiator.getJdbcEnvironment(JdbcEnvironmentInitiator.java:143) ~[hibernate-core-7.2.7.Final.jar:7.2.7.Final]
	at org.hibernate.engine.jdbc.env.internal.JdbcEnvironmentInitiator.initiateService(JdbcEnvironmentInitiator.java:120) ~[hibernate-core-7.2.7.Final.jar:7.2.7.Final]
	at org.hibernate.engine.jdbc.env.internal.JdbcEnvironmentInitiator.initiateService(JdbcEnvironmentInitiator.java:80) ~[hibernate-core-7.2.7.Final.jar:7.2.7.Final]
	at org.hibernate.boot.registry.internal.StandardServiceRegistryImpl.initiateService(StandardServiceRegistryImpl.java:133) ~[hibernate-core-7.2.7.Final.jar:7.2.7.Final]
	at org.hibernate.service.internal.AbstractServiceRegistryImpl.createService(AbstractServiceRegistryImpl.java:260) ~[hibernate-core-7.2.7.Final.jar:7.2.7.Final]
	... 34 common frames omitted

2026-04-19T15:29:44.126+05:30  INFO 1220 --- [productionreadyfeature] [restartedMain] c.m.p.ProductionreadyfeatureApplication  : Starting ProductionreadyfeatureApplication using Java 21.0.8 with PID 1220 (C:\Users\Swapnil Mokal\Documents\SpringBoot+AI+DevOps\productionreadyfeature\target\classes started by Swapnil Mokal in C:\Users\Swapnil Mokal\Documents\SpringBoot+AI+DevOps\productionreadyfeature)
2026-04-19T15:29:44.133+05:30  INFO 1220 --- [productionreadyfeature] [restartedMain] c.m.p.ProductionreadyfeatureApplication  : No active profile set, falling back to 1 default profile: "default"
2026-04-19T15:29:44.213+05:30  INFO 1220 --- [productionreadyfeature] [restartedMain] .e.DevToolsPropertyDefaultsPostProcessor : Devtools property defaults active! Set 'spring.devtools.add-properties' to 'false' to disable
2026-04-19T15:29:44.213+05:30  INFO 1220 --- [productionreadyfeature] [restartedMain] .e.DevToolsPropertyDefaultsPostProcessor : For additional web related logging consider setting the 'logging.level.web' property to 'DEBUG'
2026-04-19T15:29:45.519+05:30  INFO 1220 --- [productionreadyfeature] [restartedMain] .s.d.r.c.RepositoryConfigurationDelegate : Bootstrapping Spring Data JPA repositories in DEFAULT mode.
2026-04-19T15:29:45.612+05:30  INFO 1220 --- [productionreadyfeature] [restartedMain] .s.d.r.c.RepositoryConfigurationDelegate : Finished Spring Data repository scanning in 74 ms. Found 1 JPA repository interface.
2026-04-19T15:29:46.729+05:30  INFO 1220 --- [productionreadyfeature] [restartedMain] o.s.boot.tomcat.TomcatWebServer          : Tomcat initialized with port 9000 (http)
2026-04-19T15:29:46.750+05:30  INFO 1220 --- [productionreadyfeature] [restartedMain] o.apache.catalina.core.StandardService   : Starting service [Tomcat]
2026-04-19T15:29:46.752+05:30  INFO 1220 --- [productionreadyfeature] [restartedMain] o.apache.catalina.core.StandardEngine    : Starting Servlet engine: [Apache Tomcat/11.0.20]
2026-04-19T15:29:46.820+05:30  INFO 1220 --- [productionreadyfeature] [restartedMain] b.w.c.s.WebApplicationContextInitializer : Root WebApplicationContext: initialization completed in 2606 ms
2026-04-19T15:29:47.229+05:30  INFO 1220 --- [productionreadyfeature] [restartedMain] org.hibernate.orm.jpa                    : HHH008540: Processing PersistenceUnitInfo [name: default]
2026-04-19T15:29:47.318+05:30  INFO 1220 --- [productionreadyfeature] [restartedMain] org.hibernate.orm.core                   : HHH000001: Hibernate ORM core version 7.2.7.Final
2026-04-19T15:29:47.754+05:30  INFO 1220 --- [productionreadyfeature] [restartedMain] o.h.e.boot.internal.EnversServiceImpl    : Envers integration enabled? : true
2026-04-19T15:29:48.025+05:30  INFO 1220 --- [productionreadyfeature] [restartedMain] o.s.o.j.p.SpringPersistenceUnitInfo      : No LoadTimeWeaver setup: ignoring JPA class transformer
2026-04-19T15:29:48.070+05:30  INFO 1220 --- [productionreadyfeature] [restartedMain] com.zaxxer.hikari.HikariDataSource       : HikariPool-1 - Starting...
2026-04-19T15:29:48.325+05:30  INFO 1220 --- [productionreadyfeature] [restartedMain] com.zaxxer.hikari.pool.HikariPool        : HikariPool-1 - Added connection com.mysql.cj.jdbc.ConnectionImpl@2c3e356f
2026-04-19T15:29:48.328+05:30  INFO 1220 --- [productionreadyfeature] [restartedMain] com.zaxxer.hikari.HikariDataSource       : HikariPool-1 - Start completed.
2026-04-19T15:29:48.499+05:30  INFO 1220 --- [productionreadyfeature] [restartedMain] org.hibernate.orm.connections.pooling    : HHH10001005: Database info:
	Database JDBC URL [jdbc:mysql://localhost:3306/post?useSSL=false]
	Database driver: MySQL Connector/J
	Database dialect: MySQLDialect
	Database version: 8.0.44
	Default catalog/schema: post/undefined
	Autocommit mode: undefined/unknown
	Isolation level: REPEATABLE_READ [default REPEATABLE_READ]
	JDBC fetch size: none
	Pool: DataSourceConnectionProvider
	Minimum pool size: undefined/unknown
	Maximum pool size: undefined/unknown
2026-04-19T15:29:48.884+05:30  INFO 1220 --- [productionreadyfeature] [restartedMain] o.h.e.c.i.m.AuditMetadataGenerator       : Adding properties for entity: com.mokal.productionreadyfeature.entities.PostEntity
2026-04-19T15:29:50.206+05:30  INFO 1220 --- [productionreadyfeature] [restartedMain] org.hibernate.orm.core                   : HHH000489: No JTA platform available (set 'hibernate.transaction.jta.platform' to enable JTA platform integration)
2026-04-19T15:29:50.769+05:30  INFO 1220 --- [productionreadyfeature] [restartedMain] j.LocalContainerEntityManagerFactoryBean : Initialized JPA EntityManagerFactory for persistence unit 'default'
2026-04-19T15:29:51.339+05:30  INFO 1220 --- [productionreadyfeature] [restartedMain] o.s.d.j.r.query.QueryEnhancerFactories   : Hibernate is in classpath; If applicable, HQL parser will be used.
2026-04-19T15:29:51.616+05:30  WARN 1220 --- [productionreadyfeature] [restartedMain] JpaBaseConfiguration$JpaWebConfiguration : spring.jpa.open-in-view is enabled by default. Therefore, database queries may be performed during view rendering. Explicitly configure spring.jpa.open-in-view to disable this warning
2026-04-19T15:29:52.263+05:30  INFO 1220 --- [productionreadyfeature] [restartedMain] o.s.b.a.e.web.EndpointLinksResolver      : Exposing 1 endpoint beneath base path '/actuator'
2026-04-19T15:29:52.398+05:30  INFO 1220 --- [productionreadyfeature] [restartedMain] o.s.boot.tomcat.TomcatWebServer          : Tomcat started on port 9000 (http) with context path '/'
2026-04-19T15:29:52.411+05:30  INFO 1220 --- [productionreadyfeature] [restartedMain] c.m.p.ProductionreadyfeatureApplication  : Started ProductionreadyfeatureApplication in 8.877 seconds (process running for 9.587)
2026-04-19T15:30:18.219+05:30  INFO 1220 --- [productionreadyfeature] [http-nio-9000-exec-1] o.a.c.c.C.[Tomcat].[localhost].[/]       : Initializing Spring DispatcherServlet 'dispatcherServlet'
2026-04-19T15:30:18.219+05:30  INFO 1220 --- [productionreadyfeature] [http-nio-9000-exec-1] o.s.web.servlet.DispatcherServlet        : Initializing Servlet 'dispatcherServlet'
2026-04-19T15:30:18.222+05:30  INFO 1220 --- [productionreadyfeature] [http-nio-9000-exec-1] o.s.web.servlet.DispatcherServlet        : Completed initialization in 2 ms
2026-04-19T15:30:18.539+05:30  WARN 1220 --- [productionreadyfeature] [http-nio-9000-exec-1] .m.m.a.ExceptionHandlerExceptionResolver : Resolved [org.springframework.web.servlet.resource.NoResourceFoundException: No static resource  for request '/'.]
2026-04-19T15:30:18.785+05:30  WARN 1220 --- [productionreadyfeature] [http-nio-9000-exec-2] .m.m.a.ExceptionHandlerExceptionResolver : Resolved [org.springframework.web.servlet.resource.NoResourceFoundException: No static resource favicon.ico for request '/favicon.ico'.]
2026-04-19T15:31:30.735+05:30  WARN 1220 --- [productionreadyfeature] [http-nio-9000-exec-4] .m.m.a.ExceptionHandlerExceptionResolver : Resolved [org.springframework.web.servlet.resource.NoResourceFoundException: No static resource favicon.ico for request '/favicon.ico'.]
2026-04-19T15:32:02.976+05:30  WARN 1220 --- [productionreadyfeature] [http-nio-9000-exec-7] .m.m.a.ExceptionHandlerExceptionResolver : Resolved [org.springframework.web.servlet.resource.NoResourceFoundException: No static resource favicon.ico for request '/favicon.ico'.]
2026-04-19T15:34:10.651+05:30  INFO 1220 --- [productionreadyfeature] [File Watcher] rtingClassPathChangeChangedEventListener : Restarting due to 1 class path change (0 additions, 0 deletions, 1 modification)
2026-04-19T15:34:10.663+05:30  INFO 1220 --- [productionreadyfeature] [Thread-1] o.s.boot.tomcat.GracefulShutdown         : Commencing graceful shutdown. Waiting for active requests to complete
2026-04-19T15:34:10.680+05:30  INFO 1220 --- [productionreadyfeature] [tomcat-shutdown] o.s.boot.tomcat.GracefulShutdown         : Graceful shutdown complete
2026-04-19T15:34:10.689+05:30  INFO 1220 --- [productionreadyfeature] [Thread-1] j.LocalContainerEntityManagerFactoryBean : Closing JPA EntityManagerFactory for persistence unit 'default'
2026-04-19T15:34:10.696+05:30  INFO 1220 --- [productionreadyfeature] [Thread-1] com.zaxxer.hikari.HikariDataSource       : HikariPool-1 - Shutdown initiated...
2026-04-19T15:34:10.704+05:30  INFO 1220 --- [productionreadyfeature] [Thread-1] com.zaxxer.hikari.HikariDataSource       : HikariPool-1 - Shutdown completed.
2026-04-19T15:34:10.844+05:30  INFO 1220 --- [productionreadyfeature] [restartedMain] c.m.p.ProductionreadyfeatureApplication  : Starting ProductionreadyfeatureApplication using Java 21.0.8 with PID 1220 (C:\Users\Swapnil Mokal\Documents\SpringBoot+AI+DevOps\productionreadyfeature\target\classes started by Swapnil Mokal in C:\Users\Swapnil Mokal\Documents\SpringBoot+AI+DevOps\productionreadyfeature)
2026-04-19T15:34:10.845+05:30  INFO 1220 --- [productionreadyfeature] [restartedMain] c.m.p.ProductionreadyfeatureApplication  : No active profile set, falling back to 1 default profile: "default"
2026-04-19T15:34:11.518+05:30  INFO 1220 --- [productionreadyfeature] [restartedMain] .s.d.r.c.RepositoryConfigurationDelegate : Bootstrapping Spring Data JPA repositories in DEFAULT mode.
2026-04-19T15:34:11.551+05:30  INFO 1220 --- [productionreadyfeature] [restartedMain] .s.d.r.c.RepositoryConfigurationDelegate : Finished Spring Data repository scanning in 30 ms. Found 1 JPA repository interface.
2026-04-19T15:34:12.011+05:30  INFO 1220 --- [productionreadyfeature] [restartedMain] o.s.boot.tomcat.TomcatWebServer          : Tomcat initialized with port 9000 (http)
2026-04-19T15:34:12.013+05:30  INFO 1220 --- [productionreadyfeature] [restartedMain] o.apache.catalina.core.StandardService   : Starting service [Tomcat]
2026-04-19T15:34:12.014+05:30  INFO 1220 --- [productionreadyfeature] [restartedMain] o.apache.catalina.core.StandardEngine    : Starting Servlet engine: [Apache Tomcat/11.0.20]
2026-04-19T15:34:12.052+05:30  INFO 1220 --- [productionreadyfeature] [restartedMain] b.w.c.s.WebApplicationContextInitializer : Root WebApplicationContext: initialization completed in 1204 ms
2026-04-19T15:34:12.228+05:30  INFO 1220 --- [productionreadyfeature] [restartedMain] org.hibernate.orm.jpa                    : HHH008540: Processing PersistenceUnitInfo [name: default]
2026-04-19T15:34:12.263+05:30  INFO 1220 --- [productionreadyfeature] [restartedMain] o.h.e.boot.internal.EnversServiceImpl    : Envers integration enabled? : true
2026-04-19T15:34:12.285+05:30  INFO 1220 --- [productionreadyfeature] [restartedMain] o.s.o.j.p.SpringPersistenceUnitInfo      : No LoadTimeWeaver setup: ignoring JPA class transformer
2026-04-19T15:34:12.288+05:30  INFO 1220 --- [productionreadyfeature] [restartedMain] com.zaxxer.hikari.HikariDataSource       : HikariPool-2 - Starting...
2026-04-19T15:34:12.306+05:30  INFO 1220 --- [productionreadyfeature] [restartedMain] com.zaxxer.hikari.pool.HikariPool        : HikariPool-2 - Added connection com.mysql.cj.jdbc.ConnectionImpl@363c22d6
2026-04-19T15:34:12.308+05:30  INFO 1220 --- [productionreadyfeature] [restartedMain] com.zaxxer.hikari.HikariDataSource       : HikariPool-2 - Start completed.
2026-04-19T15:34:12.313+05:30  INFO 1220 --- [productionreadyfeature] [restartedMain] org.hibernate.orm.connections.pooling    : HHH10001005: Database info:
	Database JDBC URL [jdbc:mysql://localhost:3306/post?useSSL=false]
	Database driver: MySQL Connector/J
	Database dialect: MySQLDialect
	Database version: 8.0.44
	Default catalog/schema: post/undefined
	Autocommit mode: undefined/unknown
	Isolation level: REPEATABLE_READ [default REPEATABLE_READ]
	JDBC fetch size: none
	Pool: DataSourceConnectionProvider
	Minimum pool size: undefined/unknown
	Maximum pool size: undefined/unknown
2026-04-19T15:34:12.341+05:30  INFO 1220 --- [productionreadyfeature] [restartedMain] o.h.e.c.i.m.AuditMetadataGenerator       : Adding properties for entity: com.mokal.productionreadyfeature.entities.PostEntity
2026-04-19T15:34:12.412+05:30  INFO 1220 --- [productionreadyfeature] [restartedMain] org.hibernate.orm.core                   : HHH000489: No JTA platform available (set 'hibernate.transaction.jta.platform' to enable JTA platform integration)
2026-04-19T15:34:12.906+05:30  INFO 1220 --- [productionreadyfeature] [restartedMain] j.LocalContainerEntityManagerFactoryBean : Initialized JPA EntityManagerFactory for persistence unit 'default'
2026-04-19T15:34:13.037+05:30  WARN 1220 --- [productionreadyfeature] [restartedMain] JpaBaseConfiguration$JpaWebConfiguration : spring.jpa.open-in-view is enabled by default. Therefore, database queries may be performed during view rendering. Explicitly configure spring.jpa.open-in-view to disable this warning
2026-04-19T15:34:13.288+05:30  INFO 1220 --- [productionreadyfeature] [restartedMain] o.s.b.a.e.web.EndpointLinksResolver      : Exposing 13 endpoints beneath base path '/actuator'
2026-04-19T15:34:13.415+05:30  INFO 1220 --- [productionreadyfeature] [restartedMain] o.s.boot.tomcat.TomcatWebServer          : Tomcat started on port 9000 (http) with context path '/'
2026-04-19T15:34:13.441+05:30  INFO 1220 --- [productionreadyfeature] [restartedMain] c.m.p.ProductionreadyfeatureApplication  : Started ProductionreadyfeatureApplication in 2.643 seconds (process running for 270.617)
2026-04-19T15:34:13.464+05:30  INFO 1220 --- [productionreadyfeature] [restartedMain] .ConditionEvaluationDeltaLoggingListener : Condition evaluation delta:


==========================
CONDITION EVALUATION DELTA
==========================


Positive matches:
-----------------

   AuditEventsEndpointAutoConfiguration matched:
      - @ConditionalOnAvailableEndpoint marked as exposed by a 'management.endpoints.web.exposure' property (OnAvailableEndpointCondition)

   BeansEndpointAutoConfiguration matched:
      - @ConditionalOnAvailableEndpoint marked as exposed by a 'management.endpoints.web.exposure' property (OnAvailableEndpointCondition)

   BeansEndpointAutoConfiguration#beansEndpoint matched:
      - @ConditionalOnMissingBean (types: org.springframework.boot.actuate.beans.BeansEndpoint; SearchStrategy: all) did not find any beans (OnBeanCondition)

   ConditionsReportEndpointAutoConfiguration matched:
      - @ConditionalOnAvailableEndpoint marked as exposed by a 'management.endpoints.web.exposure' property (OnAvailableEndpointCondition)

   ConditionsReportEndpointAutoConfiguration#conditionsReportEndpoint matched:
      - @ConditionalOnMissingBean (types: org.springframework.boot.actuate.autoconfigure.condition.ConditionsReportEndpoint; SearchStrategy: current) did not find any beans (OnBeanCondition)

   ConfigurationPropertiesReportEndpointAutoConfiguration matched:
      - @ConditionalOnAvailableEndpoint marked as exposed by a 'management.endpoints.web.exposure' property (OnAvailableEndpointCondition)

   ConfigurationPropertiesReportEndpointAutoConfiguration#configurationPropertiesReportEndpoint matched:
      - @ConditionalOnMissingBean (types: org.springframework.boot.actuate.context.properties.ConfigurationPropertiesReportEndpoint; SearchStrategy: all) did not find any beans (OnBeanCondition)

   ConfigurationPropertiesReportEndpointAutoConfiguration#configurationPropertiesReportEndpointWebExtension matched:
      - @ConditionalOnBean (types: org.springframework.boot.actuate.context.properties.ConfigurationPropertiesReportEndpoint; SearchStrategy: all) found bean 'configurationPropertiesReportEndpoint'; @ConditionalOnMissingBean (types: org.springframework.boot.actuate.context.properties.ConfigurationPropertiesReportEndpointWebExtension; SearchStrategy: all) did not find any beans (OnBeanCondition)
      - @ConditionalOnAvailableEndpoint marked as exposed by a 'management.endpoints.web.exposure' property (OnAvailableEndpointCondition)

   EnvironmentEndpointAutoConfiguration matched:
      - @ConditionalOnAvailableEndpoint marked as exposed by a 'management.endpoints.web.exposure' property (OnAvailableEndpointCondition)

   EnvironmentEndpointAutoConfiguration#environmentEndpoint matched:
      - @ConditionalOnMissingBean (types: org.springframework.boot.actuate.env.EnvironmentEndpoint; SearchStrategy: all) did not find any beans (OnBeanCondition)

   EnvironmentEndpointAutoConfiguration#environmentEndpointWebExtension matched:
      - @ConditionalOnBean (types: org.springframework.boot.actuate.env.EnvironmentEndpoint; SearchStrategy: all) found bean 'environmentEndpoint'; @ConditionalOnMissingBean (types: org.springframework.boot.actuate.env.EnvironmentEndpointWebExtension; SearchStrategy: all) did not find any beans (OnBeanCondition)
      - @ConditionalOnAvailableEndpoint marked as exposed by a 'management.endpoints.web.exposure' property (OnAvailableEndpointCondition)

   HttpExchangesEndpointAutoConfiguration matched:
      - @ConditionalOnAvailableEndpoint marked as exposed by a 'management.endpoints.web.exposure' property (OnAvailableEndpointCondition)

   InfoEndpointAutoConfiguration matched:
      - @ConditionalOnAvailableEndpoint marked as exposed by a 'management.endpoints.web.exposure' property (OnAvailableEndpointCondition)

   InfoEndpointAutoConfiguration#infoEndpoint matched:
      - @ConditionalOnMissingBean (types: org.springframework.boot.actuate.info.InfoEndpoint; SearchStrategy: all) did not find any beans (OnBeanCondition)

   LogFileWebEndpointAutoConfiguration matched:
      - @ConditionalOnAvailableEndpoint marked as exposed by a 'management.endpoints.web.exposure' property (OnAvailableEndpointCondition)

   LogFileWebEndpointAutoConfiguration#logFileWebEndpoint matched:
      - Log File found logging.file.name application.log (LogFileWebEndpointAutoConfiguration.LogFileCondition)
      - @ConditionalOnMissingBean (types: org.springframework.boot.actuate.logging.LogFileWebEndpoint; SearchStrategy: all) did not find any beans (OnBeanCondition)

   LoggersEndpointAutoConfiguration matched:
      - @ConditionalOnAvailableEndpoint marked as exposed by a 'management.endpoints.web.exposure' property (OnAvailableEndpointCondition)

   LoggersEndpointAutoConfiguration#loggersEndpoint matched:
      - Logging System enabled (LoggersEndpointAutoConfiguration.OnEnabledLoggingSystemCondition)
      - @ConditionalOnBean (types: org.springframework.boot.logging.LoggingSystem; SearchStrategy: all) found bean 'springBootLoggingSystem'; @ConditionalOnMissingBean (types: org.springframework.boot.actuate.logging.LoggersEndpoint; SearchStrategy: all) did not find any beans (OnBeanCondition)

   MappingsEndpointAutoConfiguration matched:
      - @ConditionalOnAvailableEndpoint marked as exposed by a 'management.endpoints.web.exposure' property (OnAvailableEndpointCondition)

   MetricsEndpointAutoConfiguration matched:
      - @ConditionalOnClass found required classes 'org.springframework.boot.actuate.autoconfigure.endpoint.condition.ConditionalOnAvailableEndpoint', 'io.micrometer.core.annotation.Timed' (OnClassCondition)
      - @ConditionalOnAvailableEndpoint marked as exposed by a 'management.endpoints.web.exposure' property (OnAvailableEndpointCondition)

   MetricsEndpointAutoConfiguration#metricsEndpoint matched:
      - @ConditionalOnBean (types: io.micrometer.core.instrument.MeterRegistry; SearchStrategy: all) found bean 'simpleMeterRegistry'; @ConditionalOnMissingBean (types: org.springframework.boot.micrometer.metrics.actuate.endpoint.MetricsEndpoint; SearchStrategy: all) did not find any beans (OnBeanCondition)

   SbomEndpointAutoConfiguration matched:
      - @ConditionalOnAvailableEndpoint marked as exposed by a 'management.endpoints.web.exposure' property (OnAvailableEndpointCondition)

   SbomEndpointAutoConfiguration#sbomEndpoint matched:
      - @ConditionalOnMissingBean (types: org.springframework.boot.actuate.sbom.SbomEndpoint; SearchStrategy: all) did not find any beans (OnBeanCondition)

   SbomEndpointAutoConfiguration#sbomEndpointWebExtension matched:
      - @ConditionalOnBean (types: org.springframework.boot.actuate.sbom.SbomEndpoint; SearchStrategy: all) found bean 'sbomEndpoint'; @ConditionalOnMissingBean (types: org.springframework.boot.actuate.sbom.SbomEndpointWebExtension; SearchStrategy: all) did not find any beans (OnBeanCondition)
      - @ConditionalOnAvailableEndpoint marked as exposed by a 'management.endpoints.web.exposure' property (OnAvailableEndpointCondition)

   ScheduledTasksEndpointAutoConfiguration matched:
      - @ConditionalOnAvailableEndpoint marked as exposed by a 'management.endpoints.web.exposure' property (OnAvailableEndpointCondition)

   ScheduledTasksEndpointAutoConfiguration#scheduledTasksEndpoint matched:
      - @ConditionalOnMissingBean (types: org.springframework.boot.actuate.scheduling.ScheduledTasksEndpoint; SearchStrategy: all) did not find any beans (OnBeanCondition)

   ServletMappingsAutoConfiguration matched:
      - @ConditionalOnClass found required classes 'org.springframework.boot.actuate.autoconfigure.endpoint.condition.ConditionalOnAvailableEndpoint', 'org.springframework.boot.actuate.web.mappings.MappingsEndpoint' (OnClassCondition)
      - found 'session' scope (OnWebApplicationCondition)
      - @ConditionalOnAvailableEndpoint marked as exposed by a 'management.endpoints.web.exposure' property (OnAvailableEndpointCondition)

   ThreadDumpEndpointAutoConfiguration matched:
      - @ConditionalOnAvailableEndpoint marked as exposed by a 'management.endpoints.web.exposure' property (OnAvailableEndpointCondition)

   ThreadDumpEndpointAutoConfiguration#dumpEndpoint matched:
      - @ConditionalOnMissingBean (types: org.springframework.boot.actuate.management.ThreadDumpEndpoint; SearchStrategy: all) did not find any beans (OnBeanCondition)

   WebMvcMappingsAutoConfiguration matched:
      - @ConditionalOnClass found required classes 'org.springframework.boot.actuate.autoconfigure.endpoint.condition.ConditionalOnAvailableEndpoint', 'org.springframework.web.servlet.DispatcherServlet', 'org.springframework.boot.actuate.web.mappings.MappingsEndpoint' (OnClassCondition)
      - found 'session' scope (OnWebApplicationCondition)
      - @ConditionalOnAvailableEndpoint marked as exposed by a 'management.endpoints.web.exposure' property (OnAvailableEndpointCondition)
      - @ConditionalOnBean (types: org.springframework.web.servlet.DispatcherServlet; SearchStrategy: all) found bean 'dispatcherServlet' (OnBeanCondition)


Negative matches:
-----------------

   AuditEventsEndpointAutoConfiguration#auditEventsEndpoint:
      Did not match:
         - @ConditionalOnBean (types: org.springframework.boot.actuate.audit.AuditEventRepository; SearchStrategy: all) did not find any beans of type org.springframework.boot.actuate.audit.AuditEventRepository (OnBeanCondition)

   HttpExchangesEndpointAutoConfiguration#httpExchangesEndpoint:
      Did not match:
         - @ConditionalOnBean (types: org.springframework.boot.actuate.web.exchanges.HttpExchangeRepository; SearchStrategy: all) did not find any beans of type org.springframework.boot.actuate.web.exchanges.HttpExchangeRepository (OnBeanCondition)


Exclusions:
-----------

    None


Unconditional classes:
----------------------

    None



2026-04-19T15:35:04.247+05:30  INFO 1220 --- [productionreadyfeature] [File Watcher] rtingClassPathChangeChangedEventListener : Restarting due to 1 class path change (0 additions, 0 deletions, 1 modification)
2026-04-19T15:35:04.250+05:30  INFO 1220 --- [productionreadyfeature] [Thread-5] o.s.boot.tomcat.GracefulShutdown         : Commencing graceful shutdown. Waiting for active requests to complete
2026-04-19T15:35:04.257+05:30  INFO 1220 --- [productionreadyfeature] [tomcat-shutdown] o.s.boot.tomcat.GracefulShutdown         : Graceful shutdown complete
2026-04-19T15:35:04.261+05:30  INFO 1220 --- [productionreadyfeature] [Thread-5] j.LocalContainerEntityManagerFactoryBean : Closing JPA EntityManagerFactory for persistence unit 'default'
2026-04-19T15:35:04.262+05:30  INFO 1220 --- [productionreadyfeature] [Thread-5] com.zaxxer.hikari.HikariDataSource       : HikariPool-2 - Shutdown initiated...
2026-04-19T15:35:04.265+05:30  INFO 1220 --- [productionreadyfeature] [Thread-5] com.zaxxer.hikari.HikariDataSource       : HikariPool-2 - Shutdown completed.
2026-04-19T15:35:04.422+05:30  INFO 1220 --- [productionreadyfeature] [restartedMain] c.m.p.ProductionreadyfeatureApplication  : Starting ProductionreadyfeatureApplication using Java 21.0.8 with PID 1220 (C:\Users\Swapnil Mokal\Documents\SpringBoot+AI+DevOps\productionreadyfeature\target\classes started by Swapnil Mokal in C:\Users\Swapnil Mokal\Documents\SpringBoot+AI+DevOps\productionreadyfeature)
2026-04-19T15:35:04.422+05:30  INFO 1220 --- [productionreadyfeature] [restartedMain] c.m.p.ProductionreadyfeatureApplication  : No active profile set, falling back to 1 default profile: "default"
2026-04-19T15:35:04.693+05:30  INFO 1220 --- [productionreadyfeature] [restartedMain] .s.d.r.c.RepositoryConfigurationDelegate : Bootstrapping Spring Data JPA repositories in DEFAULT mode.
2026-04-19T15:35:04.713+05:30  INFO 1220 --- [productionreadyfeature] [restartedMain] .s.d.r.c.RepositoryConfigurationDelegate : Finished Spring Data repository scanning in 16 ms. Found 1 JPA repository interface.
2026-04-19T15:35:04.878+05:30  INFO 1220 --- [productionreadyfeature] [restartedMain] o.s.boot.tomcat.TomcatWebServer          : Tomcat initialized with port 9000 (http)
2026-04-19T15:35:04.880+05:30  INFO 1220 --- [productionreadyfeature] [restartedMain] o.apache.catalina.core.StandardService   : Starting service [Tomcat]
2026-04-19T15:35:04.880+05:30  INFO 1220 --- [productionreadyfeature] [restartedMain] o.apache.catalina.core.StandardEngine    : Starting Servlet engine: [Apache Tomcat/11.0.20]
2026-04-19T15:35:04.902+05:30  INFO 1220 --- [productionreadyfeature] [restartedMain] b.w.c.s.WebApplicationContextInitializer : Root WebApplicationContext: initialization completed in 478 ms
2026-04-19T15:35:04.960+05:30  INFO 1220 --- [productionreadyfeature] [restartedMain] org.hibernate.orm.jpa                    : HHH008540: Processing PersistenceUnitInfo [name: default]
2026-04-19T15:35:04.990+05:30  INFO 1220 --- [productionreadyfeature] [restartedMain] o.h.e.boot.internal.EnversServiceImpl    : Envers integration enabled? : true
2026-04-19T15:35:04.999+05:30  INFO 1220 --- [productionreadyfeature] [restartedMain] o.s.o.j.p.SpringPersistenceUnitInfo      : No LoadTimeWeaver setup: ignoring JPA class transformer
2026-04-19T15:35:05.000+05:30  INFO 1220 --- [productionreadyfeature] [restartedMain] com.zaxxer.hikari.HikariDataSource       : HikariPool-3 - Starting...
2026-04-19T15:35:05.007+05:30  INFO 1220 --- [productionreadyfeature] [restartedMain] com.zaxxer.hikari.pool.HikariPool        : HikariPool-3 - Added connection com.mysql.cj.jdbc.ConnectionImpl@75b74e0f
2026-04-19T15:35:05.007+05:30  INFO 1220 --- [productionreadyfeature] [restartedMain] com.zaxxer.hikari.HikariDataSource       : HikariPool-3 - Start completed.
2026-04-19T15:35:05.009+05:30  INFO 1220 --- [productionreadyfeature] [restartedMain] org.hibernate.orm.connections.pooling    : HHH10001005: Database info:
	Database JDBC URL [jdbc:mysql://localhost:3306/post?useSSL=false]
	Database driver: MySQL Connector/J
	Database dialect: MySQLDialect
	Database version: 8.0.44
	Default catalog/schema: post/undefined
	Autocommit mode: undefined/unknown
	Isolation level: REPEATABLE_READ [default REPEATABLE_READ]
	JDBC fetch size: none
	Pool: DataSourceConnectionProvider
	Minimum pool size: undefined/unknown
	Maximum pool size: undefined/unknown
2026-04-19T15:35:05.019+05:30  INFO 1220 --- [productionreadyfeature] [restartedMain] o.h.e.c.i.m.AuditMetadataGenerator       : Adding properties for entity: com.mokal.productionreadyfeature.entities.PostEntity
2026-04-19T15:35:05.085+05:30  INFO 1220 --- [productionreadyfeature] [restartedMain] org.hibernate.orm.core                   : HHH000489: No JTA platform available (set 'hibernate.transaction.jta.platform' to enable JTA platform integration)
2026-04-19T15:35:05.523+05:30  INFO 1220 --- [productionreadyfeature] [restartedMain] j.LocalContainerEntityManagerFactoryBean : Initialized JPA EntityManagerFactory for persistence unit 'default'
2026-04-19T15:35:05.623+05:30  WARN 1220 --- [productionreadyfeature] [restartedMain] JpaBaseConfiguration$JpaWebConfiguration : spring.jpa.open-in-view is enabled by default. Therefore, database queries may be performed during view rendering. Explicitly configure spring.jpa.open-in-view to disable this warning
2026-04-19T15:35:05.827+05:30  INFO 1220 --- [productionreadyfeature] [restartedMain] o.s.b.a.e.web.EndpointLinksResolver      : Exposing 13 endpoints beneath base path '/actuator'
2026-04-19T15:35:05.856+05:30  INFO 1220 --- [productionreadyfeature] [restartedMain] o.s.boot.tomcat.TomcatWebServer          : Tomcat started on port 9000 (http) with context path '/'
2026-04-19T15:35:05.862+05:30  INFO 1220 --- [productionreadyfeature] [restartedMain] c.m.p.ProductionreadyfeatureApplication  : Started ProductionreadyfeatureApplication in 1.513 seconds (process running for 323.038)
2026-04-19T15:35:05.868+05:30  INFO 1220 --- [productionreadyfeature] [restartedMain] .ConditionEvaluationDeltaLoggingListener : Condition evaluation delta:


==========================
CONDITION EVALUATION DELTA
==========================


Positive matches:
-----------------

   InfoContributorAutoConfiguration#envInfoContributor matched:
      - @ConditionalOnEnabledInfoContributor management.info.env.enabled is true (OnEnabledInfoContributorCondition)


Negative matches:
-----------------

    None


Exclusions:
-----------

    None


Unconditional classes:
----------------------

    None



2026-04-19T15:37:04.377+05:30  INFO 1220 --- [productionreadyfeature] [SpringApplicationShutdownHook] o.s.boot.tomcat.GracefulShutdown         : Commencing graceful shutdown. Waiting for active requests to complete
2026-04-19T15:37:04.398+05:30  INFO 1220 --- [productionreadyfeature] [tomcat-shutdown] o.s.boot.tomcat.GracefulShutdown         : Graceful shutdown complete
2026-04-19T15:37:04.403+05:30  INFO 1220 --- [productionreadyfeature] [SpringApplicationShutdownHook] j.LocalContainerEntityManagerFactoryBean : Closing JPA EntityManagerFactory for persistence unit 'default'
2026-04-19T15:37:04.405+05:30  INFO 1220 --- [productionreadyfeature] [SpringApplicationShutdownHook] com.zaxxer.hikari.HikariDataSource       : HikariPool-3 - Shutdown initiated...
2026-04-19T15:37:04.409+05:30  INFO 1220 --- [productionreadyfeature] [SpringApplicationShutdownHook] com.zaxxer.hikari.HikariDataSource       : HikariPool-3 - Shutdown completed.
2026-04-19T15:37:08.700+05:30  INFO 5844 --- [productionreadyfeature] [restartedMain] c.m.p.ProductionreadyfeatureApplication  : Starting ProductionreadyfeatureApplication using Java 21.0.8 with PID 5844 (C:\Users\Swapnil Mokal\Documents\SpringBoot+AI+DevOps\productionreadyfeature\target\classes started by Swapnil Mokal in C:\Users\Swapnil Mokal\Documents\SpringBoot+AI+DevOps\productionreadyfeature)
2026-04-19T15:37:08.706+05:30  INFO 5844 --- [productionreadyfeature] [restartedMain] c.m.p.ProductionreadyfeatureApplication  : No active profile set, falling back to 1 default profile: "default"
2026-04-19T15:37:08.781+05:30  INFO 5844 --- [productionreadyfeature] [restartedMain] .e.DevToolsPropertyDefaultsPostProcessor : Devtools property defaults active! Set 'spring.devtools.add-properties' to 'false' to disable
2026-04-19T15:37:08.781+05:30  INFO 5844 --- [productionreadyfeature] [restartedMain] .e.DevToolsPropertyDefaultsPostProcessor : For additional web related logging consider setting the 'logging.level.web' property to 'DEBUG'
2026-04-19T15:37:10.120+05:30  INFO 5844 --- [productionreadyfeature] [restartedMain] .s.d.r.c.RepositoryConfigurationDelegate : Bootstrapping Spring Data JPA repositories in DEFAULT mode.
2026-04-19T15:37:10.193+05:30  INFO 5844 --- [productionreadyfeature] [restartedMain] .s.d.r.c.RepositoryConfigurationDelegate : Finished Spring Data repository scanning in 54 ms. Found 1 JPA repository interface.
2026-04-19T15:37:11.474+05:30  INFO 5844 --- [productionreadyfeature] [restartedMain] o.s.boot.tomcat.TomcatWebServer          : Tomcat initialized with port 9000 (http)
2026-04-19T15:37:11.512+05:30  INFO 5844 --- [productionreadyfeature] [restartedMain] o.apache.catalina.core.StandardService   : Starting service [Tomcat]
2026-04-19T15:37:11.513+05:30  INFO 5844 --- [productionreadyfeature] [restartedMain] o.apache.catalina.core.StandardEngine    : Starting Servlet engine: [Apache Tomcat/11.0.20]
2026-04-19T15:37:11.670+05:30  INFO 5844 --- [productionreadyfeature] [restartedMain] b.w.c.s.WebApplicationContextInitializer : Root WebApplicationContext: initialization completed in 2888 ms
2026-04-19T15:37:12.471+05:30  INFO 5844 --- [productionreadyfeature] [restartedMain] org.hibernate.orm.jpa                    : HHH008540: Processing PersistenceUnitInfo [name: default]
2026-04-19T15:37:12.632+05:30  INFO 5844 --- [productionreadyfeature] [restartedMain] org.hibernate.orm.core                   : HHH000001: Hibernate ORM core version 7.2.7.Final
2026-04-19T15:37:13.193+05:30  INFO 5844 --- [productionreadyfeature] [restartedMain] o.h.e.boot.internal.EnversServiceImpl    : Envers integration enabled? : true
2026-04-19T15:37:13.539+05:30  INFO 5844 --- [productionreadyfeature] [restartedMain] o.s.o.j.p.SpringPersistenceUnitInfo      : No LoadTimeWeaver setup: ignoring JPA class transformer
2026-04-19T15:37:13.602+05:30  INFO 5844 --- [productionreadyfeature] [restartedMain] com.zaxxer.hikari.HikariDataSource       : HikariPool-1 - Starting...
2026-04-19T15:37:14.053+05:30  INFO 5844 --- [productionreadyfeature] [restartedMain] com.zaxxer.hikari.pool.HikariPool        : HikariPool-1 - Added connection com.mysql.cj.jdbc.ConnectionImpl@712ced6f
2026-04-19T15:37:14.056+05:30  INFO 5844 --- [productionreadyfeature] [restartedMain] com.zaxxer.hikari.HikariDataSource       : HikariPool-1 - Start completed.
2026-04-19T15:37:14.169+05:30  INFO 5844 --- [productionreadyfeature] [restartedMain] org.hibernate.orm.connections.pooling    : HHH10001005: Database info:
	Database JDBC URL [jdbc:mysql://localhost:3306/post?useSSL=false]
	Database driver: MySQL Connector/J
	Database dialect: MySQLDialect
	Database version: 8.0.44
	Default catalog/schema: post/undefined
	Autocommit mode: undefined/unknown
	Isolation level: REPEATABLE_READ [default REPEATABLE_READ]
	JDBC fetch size: none
	Pool: DataSourceConnectionProvider
	Minimum pool size: undefined/unknown
	Maximum pool size: undefined/unknown
2026-04-19T15:37:14.636+05:30  INFO 5844 --- [productionreadyfeature] [restartedMain] o.h.e.c.i.m.AuditMetadataGenerator       : Adding properties for entity: com.mokal.productionreadyfeature.entities.PostEntity
2026-04-19T15:37:17.196+05:30  INFO 5844 --- [productionreadyfeature] [restartedMain] org.hibernate.orm.core                   : HHH000489: No JTA platform available (set 'hibernate.transaction.jta.platform' to enable JTA platform integration)
2026-04-19T15:37:17.890+05:30  INFO 5844 --- [productionreadyfeature] [restartedMain] j.LocalContainerEntityManagerFactoryBean : Initialized JPA EntityManagerFactory for persistence unit 'default'
2026-04-19T15:37:18.874+05:30  INFO 5844 --- [productionreadyfeature] [restartedMain] o.s.d.j.r.query.QueryEnhancerFactories   : Hibernate is in classpath; If applicable, HQL parser will be used.
2026-04-19T15:37:19.433+05:30  WARN 5844 --- [productionreadyfeature] [restartedMain] JpaBaseConfiguration$JpaWebConfiguration : spring.jpa.open-in-view is enabled by default. Therefore, database queries may be performed during view rendering. Explicitly configure spring.jpa.open-in-view to disable this warning
2026-04-19T15:37:21.357+05:30  INFO 5844 --- [productionreadyfeature] [restartedMain] o.s.b.a.e.web.EndpointLinksResolver      : Exposing 13 endpoints beneath base path '/actuator'
2026-04-19T15:37:21.607+05:30  INFO 5844 --- [productionreadyfeature] [restartedMain] o.s.boot.tomcat.TomcatWebServer          : Tomcat started on port 9000 (http) with context path '/'
2026-04-19T15:37:21.629+05:30  INFO 5844 --- [productionreadyfeature] [restartedMain] c.m.p.ProductionreadyfeatureApplication  : Started ProductionreadyfeatureApplication in 13.906 seconds (process running for 15.215)
2026-04-19T15:37:22.232+05:30  INFO 5844 --- [productionreadyfeature] [http-nio-9000-exec-1] o.a.c.c.C.[Tomcat].[localhost].[/]       : Initializing Spring DispatcherServlet 'dispatcherServlet'
2026-04-19T15:37:22.233+05:30  INFO 5844 --- [productionreadyfeature] [http-nio-9000-exec-1] o.s.web.servlet.DispatcherServlet        : Initializing Servlet 'dispatcherServlet'
2026-04-19T15:37:22.238+05:30  INFO 5844 --- [productionreadyfeature] [http-nio-9000-exec-1] o.s.web.servlet.DispatcherServlet        : Completed initialization in 5 ms
2026-04-19T15:37:22.900+05:30  WARN 5844 --- [productionreadyfeature] [http-nio-9000-exec-4] .m.m.a.ExceptionHandlerExceptionResolver : Resolved [org.springframework.web.servlet.resource.NoResourceFoundException: No static resource favicon.ico for request '/favicon.ico'.]
2026-04-19T15:37:51.027+05:30  WARN 5844 --- [productionreadyfeature] [http-nio-9000-exec-3] .m.m.a.ExceptionHandlerExceptionResolver : Resolved [org.springframework.web.servlet.resource.NoResourceFoundException: No static resource favicon.ico for request '/favicon.ico'.]
2026-04-19T15:38:01.759+05:30  WARN 5844 --- [productionreadyfeature] [http-nio-9000-exec-6] .m.m.a.ExceptionHandlerExceptionResolver : Resolved [org.springframework.web.servlet.resource.NoResourceFoundException: No static resource favicon.ico for request '/favicon.ico'.]
2026-04-19T15:38:21.230+05:30  INFO 5844 --- [productionreadyfeature] [File Watcher] rtingClassPathChangeChangedEventListener : Restarting due to 1 class path change (0 additions, 0 deletions, 1 modification)
2026-04-19T15:38:21.241+05:30  INFO 5844 --- [productionreadyfeature] [Thread-1] o.s.boot.tomcat.GracefulShutdown         : Commencing graceful shutdown. Waiting for active requests to complete
2026-04-19T15:38:21.267+05:30  INFO 5844 --- [productionreadyfeature] [tomcat-shutdown] o.s.boot.tomcat.GracefulShutdown         : Graceful shutdown complete
2026-04-19T15:38:21.284+05:30  INFO 5844 --- [productionreadyfeature] [Thread-1] j.LocalContainerEntityManagerFactoryBean : Closing JPA EntityManagerFactory for persistence unit 'default'
2026-04-19T15:38:21.304+05:30  INFO 5844 --- [productionreadyfeature] [Thread-1] com.zaxxer.hikari.HikariDataSource       : HikariPool-1 - Shutdown initiated...
2026-04-19T15:38:21.358+05:30  INFO 5844 --- [productionreadyfeature] [Thread-1] com.zaxxer.hikari.HikariDataSource       : HikariPool-1 - Shutdown completed.
2026-04-19T15:38:22.406+05:30  INFO 5844 --- [productionreadyfeature] [restartedMain] c.m.p.ProductionreadyfeatureApplication  : Starting ProductionreadyfeatureApplication using Java 21.0.8 with PID 5844 (C:\Users\Swapnil Mokal\Documents\SpringBoot+AI+DevOps\productionreadyfeature\target\classes started by Swapnil Mokal in C:\Users\Swapnil Mokal\Documents\SpringBoot+AI+DevOps\productionreadyfeature)
2026-04-19T15:38:22.407+05:30  INFO 5844 --- [productionreadyfeature] [restartedMain] c.m.p.ProductionreadyfeatureApplication  : No active profile set, falling back to 1 default profile: "default"
2026-04-19T15:38:23.269+05:30  INFO 5844 --- [productionreadyfeature] [restartedMain] .s.d.r.c.RepositoryConfigurationDelegate : Bootstrapping Spring Data JPA repositories in DEFAULT mode.
2026-04-19T15:38:23.314+05:30  INFO 5844 --- [productionreadyfeature] [restartedMain] .s.d.r.c.RepositoryConfigurationDelegate : Finished Spring Data repository scanning in 40 ms. Found 1 JPA repository interface.
2026-04-19T15:38:23.890+05:30  INFO 5844 --- [productionreadyfeature] [restartedMain] o.s.boot.tomcat.TomcatWebServer          : Tomcat initialized with port 9000 (http)
2026-04-19T15:38:23.895+05:30  INFO 5844 --- [productionreadyfeature] [restartedMain] o.apache.catalina.core.StandardService   : Starting service [Tomcat]
2026-04-19T15:38:23.895+05:30  INFO 5844 --- [productionreadyfeature] [restartedMain] o.apache.catalina.core.StandardEngine    : Starting Servlet engine: [Apache Tomcat/11.0.20]
2026-04-19T15:38:23.993+05:30  INFO 5844 --- [productionreadyfeature] [restartedMain] b.w.c.s.WebApplicationContextInitializer : Root WebApplicationContext: initialization completed in 1579 ms
2026-04-19T15:38:24.359+05:30  INFO 5844 --- [productionreadyfeature] [restartedMain] org.hibernate.orm.jpa                    : HHH008540: Processing PersistenceUnitInfo [name: default]
2026-04-19T15:38:24.458+05:30  INFO 5844 --- [productionreadyfeature] [restartedMain] o.h.e.boot.internal.EnversServiceImpl    : Envers integration enabled? : true
2026-04-19T15:38:24.495+05:30  INFO 5844 --- [productionreadyfeature] [restartedMain] o.s.o.j.p.SpringPersistenceUnitInfo      : No LoadTimeWeaver setup: ignoring JPA class transformer
2026-04-19T15:38:24.499+05:30  INFO 5844 --- [productionreadyfeature] [restartedMain] com.zaxxer.hikari.HikariDataSource       : HikariPool-2 - Starting...
2026-04-19T15:38:24.513+05:30  INFO 5844 --- [productionreadyfeature] [restartedMain] com.zaxxer.hikari.pool.HikariPool        : HikariPool-2 - Added connection com.mysql.cj.jdbc.ConnectionImpl@6d3a5c11
2026-04-19T15:38:24.515+05:30  INFO 5844 --- [productionreadyfeature] [restartedMain] com.zaxxer.hikari.HikariDataSource       : HikariPool-2 - Start completed.
2026-04-19T15:38:24.519+05:30  INFO 5844 --- [productionreadyfeature] [restartedMain] org.hibernate.orm.connections.pooling    : HHH10001005: Database info:
	Database JDBC URL [jdbc:mysql://localhost:3306/post?useSSL=false]
	Database driver: MySQL Connector/J
	Database dialect: MySQLDialect
	Database version: 8.0.44
	Default catalog/schema: post/undefined
	Autocommit mode: undefined/unknown
	Isolation level: REPEATABLE_READ [default REPEATABLE_READ]
	JDBC fetch size: none
	Pool: DataSourceConnectionProvider
	Minimum pool size: undefined/unknown
	Maximum pool size: undefined/unknown
2026-04-19T15:38:24.559+05:30  INFO 5844 --- [productionreadyfeature] [restartedMain] o.h.e.c.i.m.AuditMetadataGenerator       : Adding properties for entity: com.mokal.productionreadyfeature.entities.PostEntity
2026-04-19T15:38:24.786+05:30  INFO 5844 --- [productionreadyfeature] [restartedMain] org.hibernate.orm.core                   : HHH000489: No JTA platform available (set 'hibernate.transaction.jta.platform' to enable JTA platform integration)
2026-04-19T15:38:25.367+05:30  INFO 5844 --- [productionreadyfeature] [restartedMain] j.LocalContainerEntityManagerFactoryBean : Initialized JPA EntityManagerFactory for persistence unit 'default'
2026-04-19T15:38:25.629+05:30  WARN 5844 --- [productionreadyfeature] [restartedMain] JpaBaseConfiguration$JpaWebConfiguration : spring.jpa.open-in-view is enabled by default. Therefore, database queries may be performed during view rendering. Explicitly configure spring.jpa.open-in-view to disable this warning
2026-04-19T15:38:26.160+05:30  INFO 5844 --- [productionreadyfeature] [restartedMain] o.s.b.a.e.web.EndpointLinksResolver      : Exposing 13 endpoints beneath base path '/actuator'
2026-04-19T15:38:26.243+05:30  INFO 5844 --- [productionreadyfeature] [restartedMain] o.s.boot.tomcat.TomcatWebServer          : Tomcat started on port 9000 (http) with context path '/'
2026-04-19T15:38:26.254+05:30  INFO 5844 --- [productionreadyfeature] [restartedMain] c.m.p.ProductionreadyfeatureApplication  : Started ProductionreadyfeatureApplication in 4.558 seconds (process running for 79.84)
2026-04-19T15:38:26.263+05:30  INFO 5844 --- [productionreadyfeature] [restartedMain] .ConditionEvaluationDeltaLoggingListener : Condition evaluation unchanged
2026-04-19T15:45:19.406+05:30  INFO 5844 --- [productionreadyfeature] [File Watcher] rtingClassPathChangeChangedEventListener : Restarting due to 22 class path changes (0 additions, 22 deletions, 0 modifications)
2026-04-19T15:45:19.411+05:30  INFO 5844 --- [productionreadyfeature] [Thread-5] o.s.boot.tomcat.GracefulShutdown         : Commencing graceful shutdown. Waiting for active requests to complete
2026-04-19T15:45:19.428+05:30  INFO 5844 --- [productionreadyfeature] [tomcat-shutdown] o.s.boot.tomcat.GracefulShutdown         : Graceful shutdown complete
2026-04-19T15:45:19.435+05:30  INFO 5844 --- [productionreadyfeature] [Thread-5] j.LocalContainerEntityManagerFactoryBean : Closing JPA EntityManagerFactory for persistence unit 'default'
2026-04-19T15:45:19.436+05:30  INFO 5844 --- [productionreadyfeature] [Thread-5] com.zaxxer.hikari.HikariDataSource       : HikariPool-2 - Shutdown initiated...
2026-04-19T15:45:19.442+05:30  INFO 5844 --- [productionreadyfeature] [Thread-5] com.zaxxer.hikari.HikariDataSource       : HikariPool-2 - Shutdown completed.
2026-04-19T15:45:19.621+05:30  INFO 5844 --- [productionreadyfeature] [restartedMain] c.m.p.ProductionreadyfeatureApplication  : Starting ProductionreadyfeatureApplication using Java 21.0.8 with PID 5844 (C:\Users\Swapnil Mokal\Documents\SpringBoot+AI+DevOps\productionreadyfeature\target\classes started by Swapnil Mokal in C:\Users\Swapnil Mokal\Documents\SpringBoot+AI+DevOps\productionreadyfeature)
2026-04-19T15:45:19.622+05:30  INFO 5844 --- [productionreadyfeature] [restartedMain] c.m.p.ProductionreadyfeatureApplication  : No active profile set, falling back to 1 default profile: "default"
2026-04-19T15:45:20.020+05:30  INFO 5844 --- [productionreadyfeature] [restartedMain] .s.d.r.c.RepositoryConfigurationDelegate : Bootstrapping Spring Data JPA repositories in DEFAULT mode.
2026-04-19T15:45:20.022+05:30  INFO 5844 --- [productionreadyfeature] [restartedMain] .s.d.r.c.RepositoryConfigurationDelegate : Finished Spring Data repository scanning in 0 ms. Found 0 JPA repository interfaces.
2026-04-19T15:45:20.158+05:30  INFO 5844 --- [productionreadyfeature] [restartedMain] o.s.boot.tomcat.TomcatWebServer          : Tomcat initialized with port 9000 (http)
2026-04-19T15:45:20.159+05:30  INFO 5844 --- [productionreadyfeature] [restartedMain] o.apache.catalina.core.StandardService   : Starting service [Tomcat]
2026-04-19T15:45:20.159+05:30  INFO 5844 --- [productionreadyfeature] [restartedMain] o.apache.catalina.core.StandardEngine    : Starting Servlet engine: [Apache Tomcat/11.0.20]
2026-04-19T15:45:20.196+05:30  INFO 5844 --- [productionreadyfeature] [restartedMain] b.w.c.s.WebApplicationContextInitializer : Root WebApplicationContext: initialization completed in 565 ms
2026-04-19T15:45:20.356+05:30  INFO 5844 --- [productionreadyfeature] [restartedMain] org.hibernate.orm.jpa                    : HHH008540: Processing PersistenceUnitInfo [name: default]
2026-04-19T15:45:20.403+05:30  INFO 5844 --- [productionreadyfeature] [restartedMain] o.h.e.boot.internal.EnversServiceImpl    : Envers integration enabled? : true
2026-04-19T15:45:20.414+05:30  INFO 5844 --- [productionreadyfeature] [restartedMain] o.s.o.j.p.SpringPersistenceUnitInfo      : No LoadTimeWeaver setup: ignoring JPA class transformer
2026-04-19T15:45:20.416+05:30  INFO 5844 --- [productionreadyfeature] [restartedMain] com.zaxxer.hikari.HikariDataSource       : HikariPool-3 - Starting...
2026-04-19T15:45:20.425+05:30  INFO 5844 --- [productionreadyfeature] [restartedMain] com.zaxxer.hikari.pool.HikariPool        : HikariPool-3 - Added connection com.mysql.cj.jdbc.ConnectionImpl@63c20226
2026-04-19T15:45:20.426+05:30  INFO 5844 --- [productionreadyfeature] [restartedMain] com.zaxxer.hikari.HikariDataSource       : HikariPool-3 - Start completed.
2026-04-19T15:45:20.428+05:30  INFO 5844 --- [productionreadyfeature] [restartedMain] org.hibernate.orm.connections.pooling    : HHH10001005: Database info:
	Database JDBC URL [jdbc:mysql://localhost:3306/post?useSSL=false]
	Database driver: MySQL Connector/J
	Database dialect: MySQLDialect
	Database version: 8.0.44
	Default catalog/schema: post/undefined
	Autocommit mode: undefined/unknown
	Isolation level: REPEATABLE_READ [default REPEATABLE_READ]
	JDBC fetch size: none
	Pool: DataSourceConnectionProvider
	Minimum pool size: undefined/unknown
	Maximum pool size: undefined/unknown
2026-04-19T15:45:20.460+05:30  INFO 5844 --- [productionreadyfeature] [restartedMain] org.hibernate.orm.core                   : HHH000489: No JTA platform available (set 'hibernate.transaction.jta.platform' to enable JTA platform integration)
2026-04-19T15:45:20.460+05:30  INFO 5844 --- [productionreadyfeature] [restartedMain] j.LocalContainerEntityManagerFactoryBean : Initialized JPA EntityManagerFactory for persistence unit 'default'
2026-04-19T15:45:20.523+05:30  WARN 5844 --- [productionreadyfeature] [restartedMain] JpaBaseConfiguration$JpaWebConfiguration : spring.jpa.open-in-view is enabled by default. Therefore, database queries may be performed during view rendering. Explicitly configure spring.jpa.open-in-view to disable this warning
2026-04-19T15:45:20.958+05:30  INFO 5844 --- [productionreadyfeature] [restartedMain] o.s.b.a.e.web.EndpointLinksResolver      : Exposing 13 endpoints beneath base path '/actuator'
2026-04-19T15:45:21.022+05:30  INFO 5844 --- [productionreadyfeature] [restartedMain] o.s.boot.tomcat.TomcatWebServer          : Tomcat started on port 9000 (http) with context path '/'
2026-04-19T15:45:21.031+05:30  INFO 5844 --- [productionreadyfeature] [restartedMain] c.m.p.ProductionreadyfeatureApplication  : Started ProductionreadyfeatureApplication in 1.471 seconds (process running for 494.617)
2026-04-19T15:45:21.035+05:30  INFO 5844 --- [productionreadyfeature] [restartedMain] .ConditionEvaluationDeltaLoggingListener : Condition evaluation unchanged
2026-04-19T15:45:24.538+05:30  INFO 5844 --- [productionreadyfeature] [File Watcher] rtingClassPathChangeChangedEventListener : Restarting due to 10 class path changes (10 additions, 0 deletions, 0 modifications)
2026-04-19T15:45:24.677+05:30  INFO 5844 --- [productionreadyfeature] [Thread-9] o.s.boot.tomcat.GracefulShutdown         : Commencing graceful shutdown. Waiting for active requests to complete
2026-04-19T15:45:25.376+05:30  INFO 5844 --- [productionreadyfeature] [tomcat-shutdown] o.s.boot.tomcat.GracefulShutdown         : Graceful shutdown complete
2026-04-19T15:45:25.566+05:30  INFO 5844 --- [productionreadyfeature] [Thread-9] j.LocalContainerEntityManagerFactoryBean : Closing JPA EntityManagerFactory for persistence unit 'default'
2026-04-19T15:45:25.859+05:30  INFO 5844 --- [productionreadyfeature] [Thread-9] com.zaxxer.hikari.HikariDataSource       : HikariPool-3 - Shutdown initiated...
2026-04-19T15:45:26.014+05:30  INFO 5844 --- [productionreadyfeature] [Thread-9] com.zaxxer.hikari.HikariDataSource       : HikariPool-3 - Shutdown completed.
2026-04-19T15:45:27.149+05:30  INFO 5844 --- [productionreadyfeature] [restartedMain] c.m.p.ProductionreadyfeatureApplication  : Starting ProductionreadyfeatureApplication using Java 21.0.8 with PID 5844 (C:\Users\Swapnil Mokal\Documents\SpringBoot+AI+DevOps\productionreadyfeature\target\classes started by Swapnil Mokal in C:\Users\Swapnil Mokal\Documents\SpringBoot+AI+DevOps\productionreadyfeature)
2026-04-19T15:45:27.161+05:30  INFO 5844 --- [productionreadyfeature] [restartedMain] c.m.p.ProductionreadyfeatureApplication  : No active profile set, falling back to 1 default profile: "default"
2026-04-19T15:45:28.610+05:30  INFO 5844 --- [productionreadyfeature] [restartedMain] .s.d.r.c.RepositoryConfigurationDelegate : Bootstrapping Spring Data JPA repositories in DEFAULT mode.
2026-04-19T15:45:28.637+05:30  INFO 5844 --- [productionreadyfeature] [restartedMain] .s.d.r.c.RepositoryConfigurationDelegate : Finished Spring Data repository scanning in 14 ms. Found 0 JPA repository interfaces.
2026-04-19T15:45:29.333+05:30  INFO 5844 --- [productionreadyfeature] [restartedMain] o.s.boot.tomcat.TomcatWebServer          : Tomcat initialized with port 9000 (http)
2026-04-19T15:45:29.336+05:30  INFO 5844 --- [productionreadyfeature] [restartedMain] o.apache.catalina.core.StandardService   : Starting service [Tomcat]
2026-04-19T15:45:29.337+05:30  INFO 5844 --- [productionreadyfeature] [restartedMain] o.apache.catalina.core.StandardEngine    : Starting Servlet engine: [Apache Tomcat/11.0.20]
2026-04-19T15:45:29.424+05:30  INFO 5844 --- [productionreadyfeature] [restartedMain] b.w.c.s.WebApplicationContextInitializer : Root WebApplicationContext: initialization completed in 2214 ms
2026-04-19T15:45:29.664+05:30  INFO 5844 --- [productionreadyfeature] [restartedMain] org.hibernate.orm.jpa                    : HHH008540: Processing PersistenceUnitInfo [name: default]
2026-04-19T15:45:29.793+05:30  INFO 5844 --- [productionreadyfeature] [restartedMain] o.h.e.boot.internal.EnversServiceImpl    : Envers integration enabled? : true
2026-04-19T15:45:29.821+05:30  INFO 5844 --- [productionreadyfeature] [restartedMain] o.s.o.j.p.SpringPersistenceUnitInfo      : No LoadTimeWeaver setup: ignoring JPA class transformer
2026-04-19T15:45:29.829+05:30  INFO 5844 --- [productionreadyfeature] [restartedMain] com.zaxxer.hikari.HikariDataSource       : HikariPool-4 - Starting...
2026-04-19T15:45:29.846+05:30  INFO 5844 --- [productionreadyfeature] [restartedMain] com.zaxxer.hikari.pool.HikariPool        : HikariPool-4 - Added connection com.mysql.cj.jdbc.ConnectionImpl@1d104058
2026-04-19T15:45:29.849+05:30  INFO 5844 --- [productionreadyfeature] [restartedMain] com.zaxxer.hikari.HikariDataSource       : HikariPool-4 - Start completed.
2026-04-19T15:45:29.854+05:30  INFO 5844 --- [productionreadyfeature] [restartedMain] org.hibernate.orm.connections.pooling    : HHH10001005: Database info:
	Database JDBC URL [jdbc:mysql://localhost:3306/post?useSSL=false]
	Database driver: MySQL Connector/J
	Database dialect: MySQLDialect
	Database version: 8.0.44
	Default catalog/schema: post/undefined
	Autocommit mode: undefined/unknown
	Isolation level: REPEATABLE_READ [default REPEATABLE_READ]
	JDBC fetch size: none
	Pool: DataSourceConnectionProvider
	Minimum pool size: undefined/unknown
	Maximum pool size: undefined/unknown
2026-04-19T15:45:29.903+05:30  INFO 5844 --- [productionreadyfeature] [restartedMain] o.h.e.c.i.m.AuditMetadataGenerator       : Adding properties for entity: com.mokal.productionreadyfeature.entities.PostEntity
2026-04-19T15:45:30.136+05:30  INFO 5844 --- [productionreadyfeature] [restartedMain] org.hibernate.orm.core                   : HHH000489: No JTA platform available (set 'hibernate.transaction.jta.platform' to enable JTA platform integration)
2026-04-19T15:45:31.054+05:30  INFO 5844 --- [productionreadyfeature] [restartedMain] j.LocalContainerEntityManagerFactoryBean : Initialized JPA EntityManagerFactory for persistence unit 'default'
2026-04-19T15:45:31.204+05:30  WARN 5844 --- [productionreadyfeature] [restartedMain] ConfigServletWebServerApplicationContext : Exception encountered during context initialization - cancelling refresh attempt: org.springframework.beans.factory.UnsatisfiedDependencyException: Error creating bean with name 'postController' defined in file [C:\Users\Swapnil Mokal\Documents\SpringBoot+AI+DevOps\productionreadyfeature\target\classes\com\mokal\productionreadyfeature\controller\PostController.class]: Unsatisfied dependency expressed through constructor parameter 0: No qualifying bean of type 'com.mokal.productionreadyfeature.services.PostService' available: expected at least 1 bean which qualifies as autowire candidate. Dependency annotations: {}
2026-04-19T15:45:31.204+05:30  INFO 5844 --- [productionreadyfeature] [restartedMain] j.LocalContainerEntityManagerFactoryBean : Closing JPA EntityManagerFactory for persistence unit 'default'
2026-04-19T15:45:31.205+05:30  INFO 5844 --- [productionreadyfeature] [restartedMain] com.zaxxer.hikari.HikariDataSource       : HikariPool-4 - Shutdown initiated...
2026-04-19T15:45:31.210+05:30  INFO 5844 --- [productionreadyfeature] [restartedMain] com.zaxxer.hikari.HikariDataSource       : HikariPool-4 - Shutdown completed.
2026-04-19T15:45:31.212+05:30  INFO 5844 --- [productionreadyfeature] [restartedMain] o.apache.catalina.core.StandardService   : Stopping service [Tomcat]
2026-04-19T15:45:31.225+05:30  INFO 5844 --- [productionreadyfeature] [restartedMain] .s.b.a.l.ConditionEvaluationReportLogger : 

Error starting ApplicationContext. To display the condition evaluation report re-run your application with 'debug' enabled.
2026-04-19T15:45:31.295+05:30 ERROR 5844 --- [productionreadyfeature] [restartedMain] o.s.b.d.LoggingFailureAnalysisReporter   : 

***************************
APPLICATION FAILED TO START
***************************

Description:

Parameter 0 of constructor in com.mokal.productionreadyfeature.controller.PostController required a bean of type 'com.mokal.productionreadyfeature.services.PostService' that could not be found.


Action:

Consider defining a bean of type 'com.mokal.productionreadyfeature.services.PostService' in your configuration.

2026-04-19T15:45:35.825+05:30  INFO 5844 --- [productionreadyfeature] [restartedMain] c.m.p.ProductionreadyfeatureApplication  : Starting ProductionreadyfeatureApplication using Java 21.0.8 with PID 5844 (C:\Users\Swapnil Mokal\Documents\SpringBoot+AI+DevOps\productionreadyfeature\target\classes started by Swapnil Mokal in C:\Users\Swapnil Mokal\Documents\SpringBoot+AI+DevOps\productionreadyfeature)
2026-04-19T15:45:35.827+05:30  INFO 5844 --- [productionreadyfeature] [restartedMain] c.m.p.ProductionreadyfeatureApplication  : No active profile set, falling back to 1 default profile: "default"
2026-04-19T15:45:36.757+05:30  INFO 5844 --- [productionreadyfeature] [restartedMain] .s.d.r.c.RepositoryConfigurationDelegate : Bootstrapping Spring Data JPA repositories in DEFAULT mode.
2026-04-19T15:45:36.800+05:30  INFO 5844 --- [productionreadyfeature] [restartedMain] .s.d.r.c.RepositoryConfigurationDelegate : Finished Spring Data repository scanning in 38 ms. Found 1 JPA repository interface.
2026-04-19T15:45:37.249+05:30  INFO 5844 --- [productionreadyfeature] [restartedMain] o.s.boot.tomcat.TomcatWebServer          : Tomcat initialized with port 9000 (http)
2026-04-19T15:45:37.256+05:30  INFO 5844 --- [productionreadyfeature] [restartedMain] o.apache.catalina.core.StandardService   : Starting service [Tomcat]
2026-04-19T15:45:37.257+05:30  INFO 5844 --- [productionreadyfeature] [restartedMain] o.apache.catalina.core.StandardEngine    : Starting Servlet engine: [Apache Tomcat/11.0.20]
2026-04-19T15:45:37.365+05:30  INFO 5844 --- [productionreadyfeature] [restartedMain] b.w.c.s.WebApplicationContextInitializer : Root WebApplicationContext: initialization completed in 1531 ms
2026-04-19T15:45:37.591+05:30  INFO 5844 --- [productionreadyfeature] [restartedMain] org.hibernate.orm.jpa                    : HHH008540: Processing PersistenceUnitInfo [name: default]
2026-04-19T15:45:37.694+05:30  INFO 5844 --- [productionreadyfeature] [restartedMain] o.h.e.boot.internal.EnversServiceImpl    : Envers integration enabled? : true
2026-04-19T15:45:37.718+05:30  INFO 5844 --- [productionreadyfeature] [restartedMain] o.s.o.j.p.SpringPersistenceUnitInfo      : No LoadTimeWeaver setup: ignoring JPA class transformer
2026-04-19T15:45:37.721+05:30  INFO 5844 --- [productionreadyfeature] [restartedMain] com.zaxxer.hikari.HikariDataSource       : HikariPool-5 - Starting...
2026-04-19T15:45:37.733+05:30  INFO 5844 --- [productionreadyfeature] [restartedMain] com.zaxxer.hikari.pool.HikariPool        : HikariPool-5 - Added connection com.mysql.cj.jdbc.ConnectionImpl@570b4899
2026-04-19T15:45:37.733+05:30  INFO 5844 --- [productionreadyfeature] [restartedMain] com.zaxxer.hikari.HikariDataSource       : HikariPool-5 - Start completed.
2026-04-19T15:45:37.736+05:30  INFO 5844 --- [productionreadyfeature] [restartedMain] org.hibernate.orm.connections.pooling    : HHH10001005: Database info:
	Database JDBC URL [jdbc:mysql://localhost:3306/post?useSSL=false]
	Database driver: MySQL Connector/J
	Database dialect: MySQLDialect
	Database version: 8.0.44
	Default catalog/schema: post/undefined
	Autocommit mode: undefined/unknown
	Isolation level: REPEATABLE_READ [default REPEATABLE_READ]
	JDBC fetch size: none
	Pool: DataSourceConnectionProvider
	Minimum pool size: undefined/unknown
	Maximum pool size: undefined/unknown
2026-04-19T15:45:37.762+05:30  INFO 5844 --- [productionreadyfeature] [restartedMain] o.h.e.c.i.m.AuditMetadataGenerator       : Adding properties for entity: com.mokal.productionreadyfeature.entities.PostEntity
2026-04-19T15:45:37.963+05:30  INFO 5844 --- [productionreadyfeature] [restartedMain] org.hibernate.orm.core                   : HHH000489: No JTA platform available (set 'hibernate.transaction.jta.platform' to enable JTA platform integration)
2026-04-19T15:45:38.652+05:30  INFO 5844 --- [productionreadyfeature] [restartedMain] j.LocalContainerEntityManagerFactoryBean : Initialized JPA EntityManagerFactory for persistence unit 'default'
2026-04-19T15:45:38.914+05:30  WARN 5844 --- [productionreadyfeature] [restartedMain] JpaBaseConfiguration$JpaWebConfiguration : spring.jpa.open-in-view is enabled by default. Therefore, database queries may be performed during view rendering. Explicitly configure spring.jpa.open-in-view to disable this warning
2026-04-19T15:45:39.416+05:30  INFO 5844 --- [productionreadyfeature] [restartedMain] o.s.b.a.e.web.EndpointLinksResolver      : Exposing 13 endpoints beneath base path '/actuator'
2026-04-19T15:45:39.491+05:30  INFO 5844 --- [productionreadyfeature] [restartedMain] o.s.boot.tomcat.TomcatWebServer          : Tomcat started on port 9000 (http) with context path '/'
2026-04-19T15:45:39.499+05:30  INFO 5844 --- [productionreadyfeature] [restartedMain] c.m.p.ProductionreadyfeatureApplication  : Started ProductionreadyfeatureApplication in 3.764 seconds (process running for 513.085)
2026-04-19T15:45:39.504+05:30  INFO 5844 --- [productionreadyfeature] [restartedMain] .ConditionEvaluationDeltaLoggingListener : Condition evaluation unchanged
2026-04-19T15:46:57.027+05:30  INFO 5844 --- [productionreadyfeature] [http-nio-9000-exec-1] o.a.c.c.C.[Tomcat-1].[localhost].[/]     : Initializing Spring DispatcherServlet 'dispatcherServlet'
2026-04-19T15:46:57.028+05:30  INFO 5844 --- [productionreadyfeature] [http-nio-9000-exec-1] o.s.web.servlet.DispatcherServlet        : Initializing Servlet 'dispatcherServlet'
2026-04-19T15:46:57.033+05:30  INFO 5844 --- [productionreadyfeature] [http-nio-9000-exec-1] o.s.web.servlet.DispatcherServlet        : Completed initialization in 5 ms
2026-04-19T15:46:57.057+05:30  WARN 5844 --- [productionreadyfeature] [http-nio-9000-exec-1] .m.m.a.ExceptionHandlerExceptionResolver : Resolved [org.springframework.web.servlet.resource.NoResourceFoundException: No static resource  for request '/'.]
2026-04-19T15:46:57.265+05:30  WARN 5844 --- [productionreadyfeature] [http-nio-9000-exec-2] .m.m.a.ExceptionHandlerExceptionResolver : Resolved [org.springframework.web.servlet.resource.NoResourceFoundException: No static resource favicon.ico for request '/favicon.ico'.]
2026-04-19T15:47:22.845+05:30  WARN 5844 --- [productionreadyfeature] [http-nio-9000-exec-3] .m.m.a.ExceptionHandlerExceptionResolver : Resolved [org.springframework.web.servlet.resource.NoResourceFoundException: No static resource favicon.ico for request '/favicon.ico'.]
2026-04-19T15:47:47.904+05:30  WARN 5844 --- [productionreadyfeature] [http-nio-9000-exec-4] .m.m.a.ExceptionHandlerExceptionResolver : Resolved [org.springframework.web.servlet.resource.NoResourceFoundException: No static resource swagger-ui/index.html for request '/swagger-ui/index.html'.]
2026-04-19T15:47:48.027+05:30  WARN 5844 --- [productionreadyfeature] [http-nio-9000-exec-5] .m.m.a.ExceptionHandlerExceptionResolver : Resolved [org.springframework.web.servlet.resource.NoResourceFoundException: No static resource favicon.ico for request '/favicon.ico'.]
2026-04-19T15:47:54.751+05:30  INFO 5844 --- [productionreadyfeature] [SpringApplicationShutdownHook] o.s.boot.tomcat.GracefulShutdown         : Commencing graceful shutdown. Waiting for active requests to complete
2026-04-19T15:47:54.781+05:30  INFO 5844 --- [productionreadyfeature] [tomcat-shutdown] o.s.boot.tomcat.GracefulShutdown         : Graceful shutdown complete
2026-04-19T15:47:54.787+05:30  INFO 5844 --- [productionreadyfeature] [SpringApplicationShutdownHook] j.LocalContainerEntityManagerFactoryBean : Closing JPA EntityManagerFactory for persistence unit 'default'
2026-04-19T15:47:54.788+05:30  INFO 5844 --- [productionreadyfeature] [SpringApplicationShutdownHook] com.zaxxer.hikari.HikariDataSource       : HikariPool-5 - Shutdown initiated...
2026-04-19T15:47:54.793+05:30  INFO 5844 --- [productionreadyfeature] [SpringApplicationShutdownHook] com.zaxxer.hikari.HikariDataSource       : HikariPool-5 - Shutdown completed.
2026-04-19T15:47:59.461+05:30  INFO 8152 --- [productionreadyfeature] [restartedMain] c.m.p.ProductionreadyfeatureApplication  : Starting ProductionreadyfeatureApplication using Java 21.0.8 with PID 8152 (C:\Users\Swapnil Mokal\Documents\SpringBoot+AI+DevOps\productionreadyfeature\target\classes started by Swapnil Mokal in C:\Users\Swapnil Mokal\Documents\SpringBoot+AI+DevOps\productionreadyfeature)
2026-04-19T15:47:59.465+05:30  INFO 8152 --- [productionreadyfeature] [restartedMain] c.m.p.ProductionreadyfeatureApplication  : No active profile set, falling back to 1 default profile: "default"
2026-04-19T15:47:59.530+05:30  INFO 8152 --- [productionreadyfeature] [restartedMain] .e.DevToolsPropertyDefaultsPostProcessor : Devtools property defaults active! Set 'spring.devtools.add-properties' to 'false' to disable
2026-04-19T15:47:59.530+05:30  INFO 8152 --- [productionreadyfeature] [restartedMain] .e.DevToolsPropertyDefaultsPostProcessor : For additional web related logging consider setting the 'logging.level.web' property to 'DEBUG'
2026-04-19T15:48:00.759+05:30  INFO 8152 --- [productionreadyfeature] [restartedMain] .s.d.r.c.RepositoryConfigurationDelegate : Bootstrapping Spring Data JPA repositories in DEFAULT mode.
2026-04-19T15:48:00.828+05:30  INFO 8152 --- [productionreadyfeature] [restartedMain] .s.d.r.c.RepositoryConfigurationDelegate : Finished Spring Data repository scanning in 57 ms. Found 1 JPA repository interface.
2026-04-19T15:48:01.707+05:30  INFO 8152 --- [productionreadyfeature] [restartedMain] o.s.boot.tomcat.TomcatWebServer          : Tomcat initialized with port 9000 (http)
2026-04-19T15:48:01.734+05:30  INFO 8152 --- [productionreadyfeature] [restartedMain] o.apache.catalina.core.StandardService   : Starting service [Tomcat]
2026-04-19T15:48:01.734+05:30  INFO 8152 --- [productionreadyfeature] [restartedMain] o.apache.catalina.core.StandardEngine    : Starting Servlet engine: [Apache Tomcat/11.0.20]
2026-04-19T15:48:01.792+05:30  INFO 8152 --- [productionreadyfeature] [restartedMain] b.w.c.s.WebApplicationContextInitializer : Root WebApplicationContext: initialization completed in 2260 ms
2026-04-19T15:48:02.195+05:30  INFO 8152 --- [productionreadyfeature] [restartedMain] org.hibernate.orm.jpa                    : HHH008540: Processing PersistenceUnitInfo [name: default]
2026-04-19T15:48:02.273+05:30  INFO 8152 --- [productionreadyfeature] [restartedMain] org.hibernate.orm.core                   : HHH000001: Hibernate ORM core version 7.2.7.Final
2026-04-19T15:48:02.723+05:30  INFO 8152 --- [productionreadyfeature] [restartedMain] o.h.e.boot.internal.EnversServiceImpl    : Envers integration enabled? : true
2026-04-19T15:48:03.012+05:30  INFO 8152 --- [productionreadyfeature] [restartedMain] o.s.o.j.p.SpringPersistenceUnitInfo      : No LoadTimeWeaver setup: ignoring JPA class transformer
2026-04-19T15:48:03.061+05:30  INFO 8152 --- [productionreadyfeature] [restartedMain] com.zaxxer.hikari.HikariDataSource       : HikariPool-1 - Starting...
2026-04-19T15:48:03.281+05:30  INFO 8152 --- [productionreadyfeature] [restartedMain] com.zaxxer.hikari.pool.HikariPool        : HikariPool-1 - Added connection com.mysql.cj.jdbc.ConnectionImpl@174f41d3
2026-04-19T15:48:03.284+05:30  INFO 8152 --- [productionreadyfeature] [restartedMain] com.zaxxer.hikari.HikariDataSource       : HikariPool-1 - Start completed.
2026-04-19T15:48:03.406+05:30  INFO 8152 --- [productionreadyfeature] [restartedMain] org.hibernate.orm.connections.pooling    : HHH10001005: Database info:
	Database JDBC URL [jdbc:mysql://localhost:3306/post?useSSL=false]
	Database driver: MySQL Connector/J
	Database dialect: MySQLDialect
	Database version: 8.0.44
	Default catalog/schema: post/undefined
	Autocommit mode: undefined/unknown
	Isolation level: REPEATABLE_READ [default REPEATABLE_READ]
	JDBC fetch size: none
	Pool: DataSourceConnectionProvider
	Minimum pool size: undefined/unknown
	Maximum pool size: undefined/unknown
2026-04-19T15:48:03.715+05:30  INFO 8152 --- [productionreadyfeature] [restartedMain] o.h.e.c.i.m.AuditMetadataGenerator       : Adding properties for entity: com.mokal.productionreadyfeature.entities.PostEntity
2026-04-19T15:48:04.757+05:30  INFO 8152 --- [productionreadyfeature] [restartedMain] org.hibernate.orm.core                   : HHH000489: No JTA platform available (set 'hibernate.transaction.jta.platform' to enable JTA platform integration)
2026-04-19T15:48:05.233+05:30  INFO 8152 --- [productionreadyfeature] [restartedMain] j.LocalContainerEntityManagerFactoryBean : Initialized JPA EntityManagerFactory for persistence unit 'default'
2026-04-19T15:48:05.675+05:30  INFO 8152 --- [productionreadyfeature] [restartedMain] o.s.d.j.r.query.QueryEnhancerFactories   : Hibernate is in classpath; If applicable, HQL parser will be used.
2026-04-19T15:48:06.046+05:30  WARN 8152 --- [productionreadyfeature] [restartedMain] JpaBaseConfiguration$JpaWebConfiguration : spring.jpa.open-in-view is enabled by default. Therefore, database queries may be performed during view rendering. Explicitly configure spring.jpa.open-in-view to disable this warning
2026-04-19T15:48:06.114+05:30  INFO 8152 --- [productionreadyfeature] [restartedMain] o.s.v.b.OptionalValidatorFactoryBean     : Failed to set up a Bean Validation provider: jakarta.validation.NoProviderFoundException: Unable to create a Configuration, because no Jakarta Validation provider could be found. Add a provider like Hibernate Validator (RI) to your classpath.
2026-04-19T15:48:06.927+05:30  INFO 8152 --- [productionreadyfeature] [restartedMain] o.s.b.a.e.web.EndpointLinksResolver      : Exposing 13 endpoints beneath base path '/actuator'
2026-04-19T15:48:07.049+05:30  INFO 8152 --- [productionreadyfeature] [restartedMain] o.s.boot.tomcat.TomcatWebServer          : Tomcat started on port 9000 (http) with context path '/'
2026-04-19T15:48:07.062+05:30  INFO 8152 --- [productionreadyfeature] [restartedMain] c.m.p.ProductionreadyfeatureApplication  : Started ProductionreadyfeatureApplication in 8.15 seconds (process running for 8.857)
2026-04-19T15:48:13.165+05:30  INFO 8152 --- [productionreadyfeature] [http-nio-9000-exec-1] o.a.c.c.C.[Tomcat].[localhost].[/]       : Initializing Spring DispatcherServlet 'dispatcherServlet'
2026-04-19T15:48:13.165+05:30  INFO 8152 --- [productionreadyfeature] [http-nio-9000-exec-1] o.s.web.servlet.DispatcherServlet        : Initializing Servlet 'dispatcherServlet'
2026-04-19T15:48:13.169+05:30  INFO 8152 --- [productionreadyfeature] [http-nio-9000-exec-1] o.s.web.servlet.DispatcherServlet        : Completed initialization in 3 ms
2026-04-19T15:48:14.780+05:30  WARN 8152 --- [productionreadyfeature] [http-nio-9000-exec-9] .m.m.a.ExceptionHandlerExceptionResolver : Resolved [jakarta.servlet.ServletException: Handler dispatch failed: java.lang.NoSuchMethodError: 'void org.springframework.web.method.ControllerAdviceBean.<init>(java.lang.Object)']
2026-04-19T15:48:32.117+05:30  WARN 8152 --- [productionreadyfeature] [http-nio-9000-exec-10] .m.m.a.ExceptionHandlerExceptionResolver : Resolved [jakarta.servlet.ServletException: Handler dispatch failed: java.lang.NoSuchMethodError: 'void org.springframework.web.method.ControllerAdviceBean.<init>(java.lang.Object)']
2026-04-19T15:58:36.663+05:30  INFO 8152 --- [productionreadyfeature] [SpringApplicationShutdownHook] o.s.boot.tomcat.GracefulShutdown         : Commencing graceful shutdown. Waiting for active requests to complete
2026-04-19T15:58:36.684+05:30  INFO 8152 --- [productionreadyfeature] [tomcat-shutdown] o.s.boot.tomcat.GracefulShutdown         : Graceful shutdown complete
2026-04-19T15:58:36.690+05:30  INFO 8152 --- [productionreadyfeature] [SpringApplicationShutdownHook] j.LocalContainerEntityManagerFactoryBean : Closing JPA EntityManagerFactory for persistence unit 'default'
2026-04-19T15:58:36.697+05:30  INFO 8152 --- [productionreadyfeature] [SpringApplicationShutdownHook] com.zaxxer.hikari.HikariDataSource       : HikariPool-1 - Shutdown initiated...
2026-04-19T15:58:36.707+05:30  INFO 8152 --- [productionreadyfeature] [SpringApplicationShutdownHook] com.zaxxer.hikari.HikariDataSource       : HikariPool-1 - Shutdown completed.
